This is pdfTeX, Version 3.141592653-2.6-1.40.23 (MiKTeX 21.8) (preloaded format=pdflatex 2021.9.15)  14 JUL 2023 12:11
entering extended mode
**"c:/Users/128kbps/Anaconda_temp/Anaconda_rep/Tex/2023-05-26 Interaction picture summary.tex"
(c:/Users/128kbps/Anaconda_temp/Anaconda_rep/Tex/2023-05-26 Interaction picture summary.tex
LaTeX2e <2021-06-01> patch level 1
L3 programming layer <2021-08-27> (G:\Install_Program\MikTex\tex/latex/base\article.cls
Document Class: article 2021/02/12 v1.4n Standard LaTeX document class
(G:\Install_Program\MikTex\tex/latex/base\size10.clo
File: size10.clo 2021/02/12 v1.4n Standard LaTeX file (size option)
)
\c@part=\count182
\c@section=\count183
\c@subsection=\count184
\c@subsubsection=\count185
\c@paragraph=\count186
\c@subparagraph=\count187
\c@figure=\count188
\c@table=\count189
\abovecaptionskip=\skip47
\belowcaptionskip=\skip48
\bibindent=\dimen138
) (G:\Install_Program\MikTex\tex/latex/cjk-ko\kotex.sty
Package: kotex 2015/04/19 v1.6 Korean TeX (ko.TeX)
 (G:\Install_Program\MikTex\tex/latex/kotex-utf\kotex.cfg) (G:\Install_Program\MikTex\tex/latex/cjk-ko\cjkutf8-ko.sty
Package: cjkutf8-ko 2021/07/26 v2.2 Hangul typesetting on CJKutf8
 (G:\Install_Program\MikTex\tex/latex/cjk\CJKutf8.sty
Package: CJKutf8 2021/10/16 4.8.5
 (G:\Install_Program\MikTex\tex/generic/iftex\ifpdf.sty
Package: ifpdf 2019/10/25 v3.4 ifpdf legacy package. Use iftex instead.
 (G:\Install_Program\MikTex\tex/generic/iftex\iftex.sty
Package: iftex 2020/03/06 v1.0d TeX engine tests
)) (G:\Install_Program\MikTex\tex/latex/base\inputenc.sty
Package: inputenc 2021/02/14 v1.3d Input encoding file
\inpenc@prehook=\toks16
\inpenc@posthook=\toks17
) (G:\Install_Program\MikTex\tex/latex/cjk\CJK.sty
Package: CJK 2021/10/16 4.8.5
 (G:\Install_Program\MikTex\tex/latex/cjk/mule\MULEenc.sty
Package: MULEenc 2021/10/16 4.8.5
) (G:\Install_Program\MikTex\tex/latex/cjk\CJK.enc
File: CJK.enc 2021/10/16 4.8.5
Now handling font encoding C00 ...
... no UTF-8 mapping file for font encoding C00
Now handling font encoding C05 ...
... no UTF-8 mapping file for font encoding C05
Now handling font encoding C09 ...
... no UTF-8 mapping file for font encoding C09
Now handling font encoding C10 ...
... no UTF-8 mapping file for font encoding C10
Now handling font encoding C20 ...
... no UTF-8 mapping file for font encoding C20
Now handling font encoding C19 ...
... no UTF-8 mapping file for font encoding C19
Now handling font encoding C40 ...
... no UTF-8 mapping file for font encoding C40
Now handling font encoding C42 ...
... no UTF-8 mapping file for font encoding C42
Now handling font encoding C43 ...
... no UTF-8 mapping file for font encoding C43
Now handling font encoding C50 ...
... no UTF-8 mapping file for font encoding C50
Now handling font encoding C52 ...
... no UTF-8 mapping file for font encoding C52
Now handling font encoding C49 ...
... no UTF-8 mapping file for font encoding C49
Now handling font encoding C60 ...
... no UTF-8 mapping file for font encoding C60
Now handling font encoding C61 ...
... no UTF-8 mapping file for font encoding C61
Now handling font encoding C63 ...
... no UTF-8 mapping file for font encoding C63
Now handling font encoding C64 ...
... no UTF-8 mapping file for font encoding C64
Now handling font encoding C65 ...
... no UTF-8 mapping file for font encoding C65
Now handling font encoding C70 ...
... no UTF-8 mapping file for font encoding C70
Now handling font encoding C31 ...
... no UTF-8 mapping file for font encoding C31
Now handling font encoding C32 ...
... no UTF-8 mapping file for font encoding C32
Now handling font encoding C33 ...
... no UTF-8 mapping file for font encoding C33
Now handling font encoding C34 ...
... no UTF-8 mapping file for font encoding C34
Now handling font encoding C35 ...
... no UTF-8 mapping file for font encoding C35
Now handling font encoding C36 ...
... no UTF-8 mapping file for font encoding C36
Now handling font encoding C37 ...
... no UTF-8 mapping file for font encoding C37
Now handling font encoding C80 ...
... no UTF-8 mapping file for font encoding C80
Now handling font encoding C81 ...
... no UTF-8 mapping file for font encoding C81
Now handling font encoding C01 ...
... no UTF-8 mapping file for font encoding C01
Now handling font encoding C11 ...
... no UTF-8 mapping file for font encoding C11
Now handling font encoding C21 ...
... no UTF-8 mapping file for font encoding C21
Now handling font encoding C41 ...
... no UTF-8 mapping file for font encoding C41
Now handling font encoding C62 ...
... no UTF-8 mapping file for font encoding C62
)
\CJK@indent=\box50
)
==> First Aid for CJK.sty no longer applied!
    Expected:
        2015/04/18 4.8.4
    but found:
        2021/10/16 4.8.5
    so I'm assuming it got fixed.
(G:\Install_Program\MikTex\tex/latex/base\fontenc.sty
Package: fontenc 2021/04/29 v2.0v Standard LaTeX package
)) (G:\Install_Program\MikTex\tex/latex/cjk/UTF8\UTF8.bdg
File: UTF8.bdg 2021/10/16 4.8.5
) (G:\Install_Program\MikTex\tex/latex/cjk/UTF8\UTF8.enc
File: UTF8.enc 2021/10/16 4.8.5
) (G:\Install_Program\MikTex\tex/latex/cjk/UTF8\UTF8.chr
File: UTF8.chr 2021/10/16 4.8.5
)
LaTeX Info: Redefining \CJKpunctsymbol on input line 280.
 (G:\Install_Program\MikTex\tex/latex/cjk-ko\cjkutf8-nanummjhanja.sty
Package: cjkutf8-nanummjhanja 2021/07/26 v2.2 UHC hanja for Nanum Myeongjo
) (G:\Install_Program\MikTex\tex/latex/cjk-ko\cjkutf8-josa.sty
Package: cjkutf8-josa 2021/07/20 v2.1 Automatic Josa selection for cjk-ko
) (G:\Install_Program\MikTex\tex/latex/cjk-ko\kolabels-utf.sty
Package: kolabels-utf 2015/03/20 v1.5 UTF-8 Hangul item labels
) (G:\Install_Program\MikTex\tex/latex/cjk-ko\konames-utf.sty
Package: konames-utf 2015/07/06 v1.7 UTF-8 Hangul captions
)
LaTeX Info: Redefining \MakeUppercase on input line 441.
LaTeX Info: Redefining \MakeLowercase on input line 462.
   defining Unicode char U+FE00 (decimal 65024)
   defining Unicode char U+FE01 (decimal 65025)
   defining Unicode char U+FE02 (decimal 65026)
)) (G:\Install_Program\MikTex\tex/latex/amsmath\amsmath.sty
Package: amsmath 2021/04/20 v2.17j AMS math features
\@mathmargin=\skip49

For additional information on amsmath, use the `?' option.
(G:\Install_Program\MikTex\tex/latex/amsmath\amstext.sty
Package: amstext 2000/06/29 v2.01 AMS text
 (G:\Install_Program\MikTex\tex/latex/amsmath\amsgen.sty
File: amsgen.sty 1999/11/30 v2.0 generic functions
\@emptytoks=\toks18
\ex@=\dimen139
)) (G:\Install_Program\MikTex\tex/latex/amsmath\amsbsy.sty
Package: amsbsy 1999/11/29 v1.2d Bold Symbols
\pmbraise@=\dimen140
) (G:\Install_Program\MikTex\tex/latex/amsmath\amsopn.sty
Package: amsopn 2016/03/08 v2.02 operator names
)
\inf@bad=\count190
LaTeX Info: Redefining \frac on input line 234.
\uproot@=\count191
\leftroot@=\count192
LaTeX Info: Redefining \overline on input line 399.
\classnum@=\count193
\DOTSCASE@=\count194
LaTeX Info: Redefining \ldots on input line 496.
LaTeX Info: Redefining \dots on input line 499.
LaTeX Info: Redefining \cdots on input line 620.
\Mathstrutbox@=\box51
\strutbox@=\box52
\big@size=\dimen141
LaTeX Font Info:    Redeclaring font encoding OML on input line 743.
LaTeX Font Info:    Redeclaring font encoding OMS on input line 744.
\macc@depth=\count195
\c@MaxMatrixCols=\count196
\dotsspace@=\muskip16
\c@parentequation=\count197
\dspbrk@lvl=\count198
\tag@help=\toks19
\row@=\count199
\column@=\count266
\maxfields@=\count267
\andhelp@=\toks20
\eqnshift@=\dimen142
\alignsep@=\dimen143
\tagshift@=\dimen144
\tagwidth@=\dimen145
\totwidth@=\dimen146
\lineht@=\dimen147
\@envbody=\toks21
\multlinegap=\skip50
\multlinetaggap=\skip51
\mathdisplay@stack=\toks22
LaTeX Info: Redefining \[ on input line 2923.
LaTeX Info: Redefining \] on input line 2924.
) (G:\Install_Program\MikTex\tex/latex/physics\physics.sty
Package: physics 
 (G:\Install_Program\MikTex\tex/latex/l3packages/xparse\xparse.sty (G:\Install_Program\MikTex\tex/latex/l3kernel\expl3.sty
Package: expl3 2021-08-27 L3 programming layer (loader) 
 (G:\Install_Program\MikTex\tex/latex/l3backend\l3backend-pdftex.def
File: l3backend-pdftex.def 2021-08-04 L3 backend support: PDF output (pdfTeX)
\l__color_backend_stack_int=\count268
\l__pdf_internal_box=\box53
))
Package: xparse 2021-08-27 L3 Experimental document command parser
)) (G:\Install_Program\MikTex\tex/latex/jknappen\mathrsfs.sty
Package: mathrsfs 1996/01/01 Math RSFS package v1.0 (jk)
\symrsfs=\mathgroup4
) (G:\Install_Program\MikTex\tex/latex/amsfonts\amssymb.sty
Package: amssymb 2013/01/14 v3.01 AMS font symbols
 (G:\Install_Program\MikTex\tex/latex/amsfonts\amsfonts.sty
Package: amsfonts 2013/01/14 v3.01 Basic AMSFonts support
\symAMSa=\mathgroup5
\symAMSb=\mathgroup6
LaTeX Font Info:    Redeclaring math symbol \hbar on input line 98.
LaTeX Font Info:    Overwriting math alphabet `\mathfrak' in version `bold'
(Font)                  U/euf/m/n --> U/euf/b/n on input line 106.
)) (G:\Install_Program\MikTex\tex/latex/microtype\microtype.sty
Package: microtype 2021/03/14 v2.8c Micro-typographical refinements (RS)
 (G:\Install_Program\MikTex\tex/latex/graphics\keyval.sty
Package: keyval 2014/10/28 v1.15 key=value parser (DPC)
\KV@toks@=\toks23
)
\MT@toks=\toks24
\MT@count=\count269
LaTeX Info: Redefining \textls on input line 790.
\MT@outer@kern=\dimen148
LaTeX Info: Redefining \textmicrotypecontext on input line 1374.
\MT@listname@count=\count270
 (G:\Install_Program\MikTex\tex/latex/microtype\microtype-pdftex.def
File: microtype-pdftex.def 2021/03/14 v2.8c Definitions specific to pdftex (RS)
LaTeX Info: Redefining \lsstyle on input line 915.
LaTeX Info: Redefining \lslig on input line 915.
\MT@outer@space=\skip52
)
Package microtype Info: Loading configuration file microtype.cfg.
 (G:\Install_Program\MikTex\tex/latex/microtype\microtype.cfg
File: microtype.cfg 2021/03/14 v2.8c microtype main configuration file (RS)
)) (G:\Install_Program\MikTex\tex/latex/geometry\geometry.sty
Package: geometry 2020/01/02 v5.9 Page Geometry
 (G:\Install_Program\MikTex\tex/generic/iftex\ifvtex.sty
Package: ifvtex 2019/10/25 v1.7 ifvtex legacy package. Use iftex instead.
)
\Gm@cnth=\count271
\Gm@cntv=\count272
\c@Gm@tempcnt=\count273
\Gm@bindingoffset=\dimen149
\Gm@wd@mp=\dimen150
\Gm@odd@mp=\dimen151
\Gm@even@mp=\dimen152
\Gm@layoutwidth=\dimen153
\Gm@layoutheight=\dimen154
\Gm@layouthoffset=\dimen155
\Gm@layoutvoffset=\dimen156
\Gm@dimlist=\toks25
 (G:\Install_Program\MikTex\tex/latex/geometry\geometry.cfg)) (2023-05-26 Interaction picture summary.aux)
\openout1 = `"2023-05-26 Interaction picture summary.aux"'.

LaTeX Font Info:    Checking defaults for OML/cmm/m/it on input line 19.
LaTeX Font Info:    ... okay on input line 19.
LaTeX Font Info:    Checking defaults for OMS/cmsy/m/n on input line 19.
LaTeX Font Info:    ... okay on input line 19.
LaTeX Font Info:    Checking defaults for OT1/cmr/m/n on input line 19.
LaTeX Font Info:    ... okay on input line 19.
LaTeX Font Info:    Checking defaults for T1/cmr/m/n on input line 19.
LaTeX Font Info:    ... okay on input line 19.
LaTeX Font Info:    Checking defaults for TS1/cmr/m/n on input line 19.
LaTeX Font Info:    ... okay on input line 19.
LaTeX Font Info:    Checking defaults for OMX/cmex/m/n on input line 19.
LaTeX Font Info:    ... okay on input line 19.
LaTeX Font Info:    Checking defaults for U/cmr/m/n on input line 19.
LaTeX Font Info:    ... okay on input line 19.
LaTeX Font Info:    Checking defaults for C00/song/m/n on input line 19.
LaTeX Font Info:    ... okay on input line 19.
LaTeX Font Info:    Checking defaults for C05/song/m/n on input line 19.
LaTeX Font Info:    ... okay on input line 19.
LaTeX Font Info:    Checking defaults for C09/song/m/n on input line 19.
LaTeX Font Info:    ... okay on input line 19.
LaTeX Font Info:    Checking defaults for C10/song/m/n on input line 19.
LaTeX Font Info:    ... okay on input line 19.
LaTeX Font Info:    Checking defaults for C20/song/m/n on input line 19.
LaTeX Font Info:    ... okay on input line 19.
LaTeX Font Info:    Checking defaults for C19/song/m/n on input line 19.
LaTeX Font Info:    ... okay on input line 19.
LaTeX Font Info:    Checking defaults for C40/song/m/n on input line 19.
LaTeX Font Info:    ... okay on input line 19.
LaTeX Font Info:    Checking defaults for C42/song/m/n on input line 19.
LaTeX Font Info:    ... okay on input line 19.
LaTeX Font Info:    Checking defaults for C43/song/m/n on input line 19.
LaTeX Font Info:    ... okay on input line 19.
LaTeX Font Info:    Checking defaults for C50/song/m/n on input line 19.
LaTeX Font Info:    ... okay on input line 19.
LaTeX Font Info:    Checking defaults for C52/song/m/n on input line 19.
LaTeX Font Info:    ... okay on input line 19.
LaTeX Font Info:    Checking defaults for C49/song/m/n on input line 19.
LaTeX Font Info:    ... okay on input line 19.
LaTeX Font Info:    Checking defaults for C60/mj/m/n on input line 19.
LaTeX Font Info:    ... okay on input line 19.
LaTeX Font Info:    Checking defaults for C61/mj/m/n on input line 19.
LaTeX Font Info:    ... okay on input line 19.
LaTeX Font Info:    Checking defaults for C63/mj/m/n on input line 19.
LaTeX Font Info:    ... okay on input line 19.
LaTeX Font Info:    Checking defaults for C64/mj/m/n on input line 19.
LaTeX Font Info:    ... okay on input line 19.
LaTeX Font Info:    Checking defaults for C65/mj/m/n on input line 19.
LaTeX Font Info:    ... okay on input line 19.
LaTeX Font Info:    Checking defaults for C70/song/m/n on input line 19.
LaTeX Font Info:    ... okay on input line 19.
LaTeX Font Info:    Checking defaults for C31/song/m/n on input line 19.
LaTeX Font Info:    ... okay on input line 19.
LaTeX Font Info:    Checking defaults for C32/song/m/n on input line 19.
LaTeX Font Info:    ... okay on input line 19.
LaTeX Font Info:    Checking defaults for C33/song/m/n on input line 19.
LaTeX Font Info:    ... okay on input line 19.
LaTeX Font Info:    Checking defaults for C34/song/m/n on input line 19.
LaTeX Font Info:    ... okay on input line 19.
LaTeX Font Info:    Checking defaults for C35/song/m/n on input line 19.
LaTeX Font Info:    ... okay on input line 19.
LaTeX Font Info:    Checking defaults for C36/song/m/n on input line 19.
LaTeX Font Info:    ... okay on input line 19.
LaTeX Font Info:    Checking defaults for C37/song/m/n on input line 19.
LaTeX Font Info:    ... okay on input line 19.
LaTeX Font Info:    Checking defaults for C80/song/m/n on input line 19.
LaTeX Font Info:    ... okay on input line 19.
LaTeX Font Info:    Checking defaults for C81/song/m/n on input line 19.
LaTeX Font Info:    ... okay on input line 19.
LaTeX Font Info:    Checking defaults for C01/song/m/n on input line 19.
LaTeX Font Info:    ... okay on input line 19.
LaTeX Font Info:    Checking defaults for C11/song/m/n on input line 19.
LaTeX Font Info:    ... okay on input line 19.
LaTeX Font Info:    Checking defaults for C21/song/m/n on input line 19.
LaTeX Font Info:    ... okay on input line 19.
LaTeX Font Info:    Checking defaults for C41/song/m/n on input line 19.
LaTeX Font Info:    ... okay on input line 19.
LaTeX Font Info:    Checking defaults for C62/song/m/n on input line 19.
LaTeX Font Info:    ... okay on input line 19.
   defining Unicode char U+00B7 (decimal 183)
LaTeX Info: Redefining \microtypecontext on input line 19.
Package microtype Info: Generating PDF output.
Package microtype Info: Character protrusion enabled (level 2).
Package microtype Info: Using default protrusion set `alltext'.
Package microtype Info: Automatic font expansion enabled (level 2),
(microtype)             stretch: 20, shrink: 20, step: 1, non-selected.
Package microtype Info: Using default expansion set `alltext-nott'.
LaTeX Info: Redefining \showhyphens on input line 19.
Package microtype Info: No adjustment of tracking.
Package microtype Info: No adjustment of interword spacing.
Package microtype Info: No adjustment of character kerning.
 (G:\Install_Program\MikTex\tex/latex/microtype\mt-cmr.cfg
File: mt-cmr.cfg 2013/05/19 v2.2 microtype config. file: Computer Modern Roman (RS)
)
*geometry* driver: auto-detecting
*geometry* detected driver: pdftex
*geometry* verbose mode - [ preamble ] result:
* driver: pdftex
* paper: a4paper
* layout: <same size as paper>
* layoutoffset:(h,v)=(0.0pt,0.0pt)
* modes: 
* h-part:(L,W,R)=(56.9055pt, 483.69687pt, 56.9055pt)
* v-part:(T,H,B)=(42.67912pt, 745.46222pt, 56.9055pt)
* \paperwidth=597.50787pt
* \paperheight=845.04684pt
* \textwidth=483.69687pt
* \textheight=745.46222pt
* \oddsidemargin=-15.36449pt
* \evensidemargin=-15.36449pt
* \topmargin=-66.59087pt
* \headheight=12.0pt
* \headsep=25.0pt
* \topskip=10.0pt
* \footskip=30.0pt
* \marginparwidth=65.0pt
* \marginparsep=11.0pt
* \columnsep=10.0pt
* \skip\footins=12.49915pt plus 6.0pt minus 3.0pt
* \hoffset=0.0pt
* \voffset=0.0pt
* \mag=1000
* \@twocolumnfalse
* \@twosidefalse
* \@mparswitchfalse
* \@reversemarginfalse
* (1in=72.27pt=25.4mm, 1cm=28.453pt)

LaTeX Font Info:    Trying to load font information for U+rsfs on input line 22.
(G:\Install_Program\MikTex\tex/latex/jknappen\ursfs.fd
File: ursfs.fd 1998/03/24 rsfs font definition file (jk)
)
LaTeX Font Info:    Trying to load font information for U+msa on input line 22.
 (G:\Install_Program\MikTex\tex/latex/amsfonts\umsa.fd
File: umsa.fd 2013/01/14 v3.01 AMS symbols A
) (G:\Install_Program\MikTex\tex/latex/microtype\mt-msa.cfg
File: mt-msa.cfg 2006/02/04 v1.1 microtype config. file: AMS symbols (a) (RS)
)
LaTeX Font Info:    Trying to load font information for U+msb on input line 22.
 (G:\Install_Program\MikTex\tex/latex/amsfonts\umsb.fd
File: umsb.fd 2013/01/14 v3.01 AMS symbols B
) (G:\Install_Program\MikTex\tex/latex/microtype\mt-msb.cfg
File: mt-msb.cfg 2005/06/01 v1.0 microtype config. file: AMS symbols (b) (RS)
)
LaTeX Font Info:    Trying to load font information for C70+nanummj on input line 22.
 (G:\Install_Program\MikTex\tex/latex/nanumtype1\c70nanummj.fd
File: c70nanummj.fd 2013/02/16 v0.2 Nanum Myeongjo font definitions
)
Overfull \hbox (19.52716pt too wide) in paragraph at lines 61--63
\C70/nanummj/m/n/10/c7 t \C70/nanummj/m/n/10/c8  \C70/nanummj/m/n/10/c0 Á \C70/nanummj/m/n/10/d6 8 \C70/nanummj/m/n/10/c7 ‘ \C70/nanummj/m/n/10/c6 © \C70/nanummj/m/n/10/d5 X \C70/nanummj/m/n/10/b2 ” \C70/nanummj/m/n/10/d5 t \C70/nanummj/m/n/10/bc   \C70/nanummj/m/n/10/d1   \C70/nanummj/m/n/10/b2 È \C70/nanummj/m/n/10/c5 H Ð \C70/nanummj/m/n/10/c7 X \C70/nanummj/m/n/10/d5 \ \C70/nanummj/m/n/10/d3  \C70/nanummj/m/n/10/b3 Ù \C70/nanummj/m/n/10/d5 h \C70/nanummj/m/n/10/c2  \C70/nanummj/m/n/10/c7 X \C70/nanummj/m/n/10/c2 Ü \C70/nanummj/m/n/10/ac  \C70/nanummj/m/n/10/c5 Ð \C70/nanummj/m/n/10/b5 0 \C70/nanummj/m/n/10/b9 x \C70/nanummj/m/n/10/bc À \C70/nanummj/m/n/10/d6 T \C70/nanummj/m/n/10/b9 | \C70/nanummj/m/n/10/ad l \C70/nanummj/m/n/10/d5 X \C70/nanummj/m/n/10/ae 0 \C70/nanummj/m/n/10/c7  \C70/nanummj/m/n/10/d5 t\OT1/cmr/m/n/10 (-20) , \C70/nanummj/m/n/10/bb ø \C70/nanummj/m/n/10/bd „ \C70/nanummj/m/n/10/bc ) \C70/nanummj/m/n/10/c8  \C70/nanummj/m/n/10/c2 Ý $\OML/cmm/m/it/10 i[] \OT1/cmr/m/n/10 (-20) = \OML/cmm/m/it/10 e[]H[]e[] []$
 []

[1

{C:/Users/128kbps/AppData/Local/MiKTeX/pdftex/config/pdftex.map}] [2] [3] [4] (2023-05-26 Interaction picture summary.aux) ) 
Here is how much of TeX's memory you used:
 6553 strings out of 478927
 93489 string characters out of 2861478
 458739 words of memory out of 3000000
 24205 multiletter control sequences out of 15000+600000
 431041 words of font info for 143 fonts, out of 8000000 for 9000
 1141 hyphenation exceptions out of 8191
 87i,16n,94p,429b,254s stack positions out of 5000i,500n,10000p,200000b,80000s
<G:/Install_Program/MikTex/fonts/type1/public/amsfonts/cm/cmbx10.pfb><G:/Install_Program/MikTex/fonts/type1/public/amsfonts/cm/cmbx12.pfb><G:/Install_Program/MikTex/fonts/type1/public/amsfonts/cm/cmex10.pfb><G:/Install_Program/MikTex/fonts/type1/public/amsfonts/cmextra/cmex7.pfb><G:/Install_Program/MikTex/fonts/type1/public/amsfonts/cm/cmmi10.pfb><G:/Install_Program/MikTex/fonts/type1/public/amsfonts/cm/cmmi5.pfb><G:/Install_Program/MikTex/fonts/type1/public/amsfonts/cm/cmmi7.pfb><G:/Install_Program/MikTex/fonts/type1/public/amsfonts/cm/cmr10.pfb><G:/Install_Program/MikTex/fonts/type1/public/amsfonts/cm/cmr12.pfb><G:/Install_Program/MikTex/fonts/type1/public/amsfonts/cm/cmr17.pfb><G:/Install_Program/MikTex/fonts/type1/public/amsfonts/cm/cmr5.pfb><G:/Install_Program/MikTex/fonts/type1/public/amsfonts/cm/cmr7.pfb><G:/Install_Program/MikTex/fonts/type1/public/amsfonts/cm/cmsy10.pfb><G:/Install_Program/MikTex/fonts/type1/public/amsfonts/cm/cmsy5.pfb><G:/Install_Program/MikTex/fonts/type1/public/amsfonts/cm/cmsy7.pfb><G:/Install_Program/MikTex/fonts/type1/public/nanumtype1/nanummjmac.pfb><G:/Install_Program/MikTex/fonts/type1/public/nanumtype1/nanummjmad.pfb><G:/Install_Program/MikTex/fonts/type1/public/nanumtype1/nanummjmae.pfb><G:/Install_Program/MikTex/fonts/type1/public/nanumtype1/nanummjmb0.pfb><G:/Install_Program/MikTex/fonts/type1/public/nanumtype1/nanummjmb1.pfb><G:/Install_Program/MikTex/fonts/type1/public/nanumtype1/nanummjmb2.pfb><G:/Install_Program/MikTex/fonts/type1/public/nanumtype1/nanummjmb3.pfb><G:/Install_Program/MikTex/fonts/type1/public/nanumtype1/nanummjmb4.pfb><G:/Install_Program/MikTex/fonts/type1/public/nanumtype1/nanummjmb5.pfb><G:/Install_Program/MikTex/fonts/type1/public/nanumtype1/nanummjmb6.pfb><G:/Install_Program/MikTex/fonts/type1/public/nanumtype1/nanummjmb7.pfb><G:/Install_Program/MikTex/fonts/type1/public/nanumtype1/nanummjmb8.pfb><G:/Install_Program/MikTex/fonts/type1/public/nanumtype1/nanummjmb9.pfb><G:/Install_Program/MikTex/fonts/type1/public/nanumtype1/nanummjmba.pfb><G:/Install_Program/MikTex/fonts/type1/public/nanumtype1/nanummjmbb.pfb><G:/Install_Program/MikTex/fonts/type1/public/nanumtype1/nanummjmbc.pfb><G:/Install_Program/MikTex/fonts/type1/public/nanumtype1/nanummjmbd.pfb><G:/Install_Program/MikTex/fonts/type1/public/nanumtype1/nanummjmc0.pfb><G:/Install_Program/MikTex/fonts/type1/public/nanumtype1/nanummjmc1.pfb><G:/Install_Program/MikTex/fonts/type1/public/nanumtype1/nanummjmc2.pfb><G:/Install_Program/MikTex/fonts/type1/public/nanumtype1/nanummjmc4.pfb><G:/Install_Program/MikTex/fonts/type1/public/nanumtype1/nanummjmc5.pfb><G:/Install_Program/MikTex/fonts/type1/public/nanumtype1/nanummjmc6.pfb><G:/Install_Program/MikTex/fonts/type1/public/nanumtype1/nanummjmc7.pfb><G:/Install_Program/MikTex/fonts/type1/public/nanumtype1/nanummjmc8.pfb><G:/Install_Program/MikTex/fonts/type1/public/nanumtype1/nanummjmc9.pfb><G:/Install_Program/MikTex/fonts/type1/public/nanumtype1/nanummjmca.pfb><G:/Install_Program/MikTex/fonts/type1/public/nanumtype1/nanummjmcc.pfb><G:/Install_Program/MikTex/fonts/type1/public/nanumtype1/nanummjmcd.pfb><G:/Install_Program/MikTex/fonts/type1/public/nanumtype1/nanummjmd0.pfb><G:/Install_Program/MikTex/fonts/type1/public/nanumtype1/nanummjmd1.pfb><G:/Install_Program/MikTex/fonts/type1/public/nanumtype1/nanummjmd2.pfb><G:/Install_Program/MikTex/fonts/type1/public/nanumtype1/nanummjmd3.pfb><G:/Install_Program/MikTex/fonts/type1/public/nanumtype1/nanummjmd4.pfb><G:/Install_Program/MikTex/fonts/type1/public/nanumtype1/nanummjmd5.pfb><G:/Install_Program/MikTex/fonts/type1/public/nanumtype1/nanummjmd6.pfb>
Output written on "2023-05-26 Interaction picture summary.pdf" (4 pages, 1935680 bytes).
PDF statistics:
 270 PDF objects out of 1000 (max. 8388607)
 0 named destinations out of 1000 (max. 500000)
 22529 words of extra memory for PDF output out of 24883 (max. 10000000)

