This is pdfTeX, Version 3.141592653-2.6-1.40.23 (MiKTeX 21.8) (preloaded format=pdflatex 2021.9.15)  23 NOV 2023 13:22
entering extended mode
**"e:/Cabinet_Main/Cabinet_Documents/Git/Anaconda/Tex/2023-11-23 전자기학_5번_수정.tex"
(e:/Cabinet_Main/Cabinet_Documents/Git/Anaconda/Tex/2023-11-23 전자기학_5번_수정.tex
LaTeX2e <2021-06-01> patch level 1
L3 programming layer <2021-08-27> (G:\Install_Program\MikTex\tex/latex/base\article.cls
Document Class: article 2021/02/12 v1.4n Standard LaTeX document class
(G:\Install_Program\MikTex\tex/latex/base\size10.clo
File: size10.clo 2021/02/12 v1.4n Standard LaTeX file (size option)
)
\c@part=\count182
\c@section=\count183
\c@subsection=\count184
\c@subsubsection=\count185
\c@paragraph=\count186
\c@subparagraph=\count187
\c@figure=\count188
\c@table=\count189
\abovecaptionskip=\skip47
\belowcaptionskip=\skip48
\bibindent=\dimen138
) (G:\Install_Program\MikTex\tex/latex/amsmath\amsmath.sty
Package: amsmath 2021/04/20 v2.17j AMS math features
\@mathmargin=\skip49

For additional information on amsmath, use the `?' option.
(G:\Install_Program\MikTex\tex/latex/amsmath\amstext.sty
Package: amstext 2000/06/29 v2.01 AMS text
 (G:\Install_Program\MikTex\tex/latex/amsmath\amsgen.sty
File: amsgen.sty 1999/11/30 v2.0 generic functions
\@emptytoks=\toks16
\ex@=\dimen139
)) (G:\Install_Program\MikTex\tex/latex/amsmath\amsbsy.sty
Package: amsbsy 1999/11/29 v1.2d Bold Symbols
\pmbraise@=\dimen140
) (G:\Install_Program\MikTex\tex/latex/amsmath\amsopn.sty
Package: amsopn 2016/03/08 v2.02 operator names
)
\inf@bad=\count190
LaTeX Info: Redefining \frac on input line 234.
\uproot@=\count191
\leftroot@=\count192
LaTeX Info: Redefining \overline on input line 399.
\classnum@=\count193
\DOTSCASE@=\count194
LaTeX Info: Redefining \ldots on input line 496.
LaTeX Info: Redefining \dots on input line 499.
LaTeX Info: Redefining \cdots on input line 620.
\Mathstrutbox@=\box50
\strutbox@=\box51
\big@size=\dimen141
LaTeX Font Info:    Redeclaring font encoding OML on input line 743.
LaTeX Font Info:    Redeclaring font encoding OMS on input line 744.
\macc@depth=\count195
\c@MaxMatrixCols=\count196
\dotsspace@=\muskip16
\c@parentequation=\count197
\dspbrk@lvl=\count198
\tag@help=\toks17
\row@=\count199
\column@=\count266
\maxfields@=\count267
\andhelp@=\toks18
\eqnshift@=\dimen142
\alignsep@=\dimen143
\tagshift@=\dimen144
\tagwidth@=\dimen145
\totwidth@=\dimen146
\lineht@=\dimen147
\@envbody=\toks19
\multlinegap=\skip50
\multlinetaggap=\skip51
\mathdisplay@stack=\toks20
LaTeX Info: Redefining \[ on input line 2923.
LaTeX Info: Redefining \] on input line 2924.
) (G:\Install_Program\MikTex\tex/latex/physics\physics.sty
Package: physics 
 (G:\Install_Program\MikTex\tex/latex/l3packages/xparse\xparse.sty (G:\Install_Program\MikTex\tex/latex/l3kernel\expl3.sty
Package: expl3 2021-08-27 L3 programming layer (loader) 
 (G:\Install_Program\MikTex\tex/latex/l3backend\l3backend-pdftex.def
File: l3backend-pdftex.def 2021-08-04 L3 backend support: PDF output (pdfTeX)
\l__color_backend_stack_int=\count268
\l__pdf_internal_box=\box52
))
Package: xparse 2021-08-27 L3 Experimental document command parser
)) (G:\Install_Program\MikTex\tex/latex/graphics\graphicx.sty
Package: graphicx 2020/12/05 v1.2c Enhanced LaTeX Graphics (DPC,SPQR)
 (G:\Install_Program\MikTex\tex/latex/graphics\keyval.sty
Package: keyval 2014/10/28 v1.15 key=value parser (DPC)
\KV@toks@=\toks21
) (G:\Install_Program\MikTex\tex/latex/graphics\graphics.sty
Package: graphics 2021/03/04 v1.4d Standard LaTeX Graphics (DPC,SPQR)
 (G:\Install_Program\MikTex\tex/latex/graphics\trig.sty
Package: trig 2016/01/03 v1.10 sin cos tan (DPC)
) (G:\Install_Program\MikTex\tex/latex/graphics-cfg\graphics.cfg
File: graphics.cfg 2016/06/04 v1.11 sample graphics configuration
)
Package graphics Info: Driver file: pdftex.def on input line 107.
 (G:\Install_Program\MikTex\tex/latex/graphics-def\pdftex.def
File: pdftex.def 2020/10/05 v1.2a Graphics/color driver for pdftex
))
\Gin@req@height=\dimen148
\Gin@req@width=\dimen149
) (G:\Install_Program\MikTex\tex/latex/jknappen\mathrsfs.sty
Package: mathrsfs 1996/01/01 Math RSFS package v1.0 (jk)
\symrsfs=\mathgroup4
) (G:\Install_Program\MikTex\tex/latex/amsfonts\amssymb.sty
Package: amssymb 2013/01/14 v3.01 AMS font symbols
 (G:\Install_Program\MikTex\tex/latex/amsfonts\amsfonts.sty
Package: amsfonts 2013/01/14 v3.01 Basic AMSFonts support
\symAMSa=\mathgroup5
\symAMSb=\mathgroup6
LaTeX Font Info:    Redeclaring math symbol \hbar on input line 98.
LaTeX Font Info:    Overwriting math alphabet `\mathfrak' in version `bold'
(Font)                  U/euf/m/n --> U/euf/b/n on input line 106.
)) (G:\Install_Program\MikTex\tex/latex/microtype\microtype.sty
Package: microtype 2021/03/14 v2.8c Micro-typographical refinements (RS)
\MT@toks=\toks22
\MT@count=\count269
LaTeX Info: Redefining \textls on input line 790.
\MT@outer@kern=\dimen150
LaTeX Info: Redefining \textmicrotypecontext on input line 1374.
\MT@listname@count=\count270
 (G:\Install_Program\MikTex\tex/latex/microtype\microtype-pdftex.def
File: microtype-pdftex.def 2021/03/14 v2.8c Definitions specific to pdftex (RS)
LaTeX Info: Redefining \lsstyle on input line 915.
LaTeX Info: Redefining \lslig on input line 915.
\MT@outer@space=\skip52
)
Package microtype Info: Loading configuration file microtype.cfg.
 (G:\Install_Program\MikTex\tex/latex/microtype\microtype.cfg
File: microtype.cfg 2021/03/14 v2.8c microtype main configuration file (RS)
)) (G:\Install_Program\MikTex\tex/latex/cjk-ko\kotex.sty
Package: kotex 2015/04/19 v1.6 Korean TeX (ko.TeX)
 (G:\Install_Program\MikTex\tex/latex/kotex-utf\kotex.cfg) (G:\Install_Program\MikTex\tex/latex/kotex-utf\kotexutf.sty
Package: kotexutf 2015/07/18 v2.1.1 typesetting UTF-8 Korean documents
 (G:\Install_Program\MikTex\tex/latex/base\inputenc.sty
Package: inputenc 2021/02/14 v1.3d Input encoding file
\inpenc@prehook=\toks23
\inpenc@posthook=\toks24
) (G:\Install_Program\MikTex\tex/plain/kotex-plain\kotexutf-core.tex
\unih@ngulpoint=\count271
\dhucs@emph@raise=\dimen151
)
Now handling font encoding LUC ...
... processing UTF-8 mapping file for font encoding LUC
 (G:\Install_Program\MikTex\tex/latex/kotex-utf\lucenc.dfu
File: lucenc.dfu 2007/09/05 UTF-8 support for dhucs
   defining Unicode char U+00B7 (decimal 183)
   defining Unicode char U+2018 (decimal 8216)
   defining Unicode char U+2019 (decimal 8217)
   defining Unicode char U+201C (decimal 8220)
   defining Unicode char U+201D (decimal 8221)
   defining Unicode char U+3001 (decimal 12289)
   defining Unicode char U+3002 (decimal 12290)
   defining Unicode char U+3008 (decimal 12296)
   defining Unicode char U+3009 (decimal 12297)
   defining Unicode char U+300A (decimal 12298)
   defining Unicode char U+300B (decimal 12299)
   defining Unicode char U+300C (decimal 12300)
   defining Unicode char U+300D (decimal 12301)
   defining Unicode char U+300E (decimal 12302)
   defining Unicode char U+300F (decimal 12303)
   defining Unicode char U+3010 (decimal 12304)
   defining Unicode char U+3011 (decimal 12305)
   defining Unicode char U+3014 (decimal 12308)
   defining Unicode char U+3015 (decimal 12309)
   defining Unicode char U+3016 (decimal 12310)
   defining Unicode char U+3017 (decimal 12311)
   defining Unicode char U+3018 (decimal 12312)
   defining Unicode char U+3019 (decimal 12313)
   defining Unicode char U+301A (decimal 12314)
   defining Unicode char U+301B (decimal 12315)
   defining Unicode char U+FF01 (decimal 65281)
   defining Unicode char U+FF08 (decimal 65288)
   defining Unicode char U+FF09 (decimal 65289)
   defining Unicode char U+FF0C (decimal 65292)
   defining Unicode char U+FF0E (decimal 65294)
   defining Unicode char U+FF1A (decimal 65306)
   defining Unicode char U+FF1B (decimal 65307)
   defining Unicode char U+FF1C (decimal 65308)
   defining Unicode char U+FF1D (decimal 65309)
   defining Unicode char U+FF1E (decimal 65310)
   defining Unicode char U+FF1F (decimal 65311)
   defining Unicode char U+FF3B (decimal 65339)
   defining Unicode char U+FF3D (decimal 65341)
   defining Unicode char U+FF5B (decimal 65371)
   defining Unicode char U+FF5D (decimal 65373)
   defining Unicode char U+FF61 (decimal 65377)
   defining Unicode char U+FF62 (decimal 65378)
   defining Unicode char U+FF63 (decimal 65379)
   defining Unicode char U+FF64 (decimal 65380)
   defining Unicode char U+FF65 (decimal 65381)
)
\@josa=\count272
\josatoks=\toks25
 (G:\Install_Program\MikTex\tex/latex/cjk-ko\kolabels-utf.sty
Package: kolabels-utf 2015/03/20 v1.5 UTF-8 Hangul item labels
))) (2023-11-23 전자기학_5번_수정.aux)
\openout1 = `"2023-11-23 전자기학_5번_수정.aux"'.

LaTeX Font Info:    Checking defaults for OML/cmm/m/it on input line 12.
LaTeX Font Info:    ... okay on input line 12.
LaTeX Font Info:    Checking defaults for OMS/cmsy/m/n on input line 12.
LaTeX Font Info:    ... okay on input line 12.
LaTeX Font Info:    Checking defaults for OT1/cmr/m/n on input line 12.
LaTeX Font Info:    ... okay on input line 12.
LaTeX Font Info:    Checking defaults for T1/cmr/m/n on input line 12.
LaTeX Font Info:    ... okay on input line 12.
LaTeX Font Info:    Checking defaults for TS1/cmr/m/n on input line 12.
LaTeX Font Info:    ... okay on input line 12.
LaTeX Font Info:    Checking defaults for OMX/cmex/m/n on input line 12.
LaTeX Font Info:    ... okay on input line 12.
LaTeX Font Info:    Checking defaults for U/cmr/m/n on input line 12.
LaTeX Font Info:    ... okay on input line 12.
LaTeX Font Info:    Checking defaults for LUC/nanummj/m/n on input line 12.
LaTeX Font Info:    Trying to load font information for LUC+nanummj on input line 12.
 (G:\Install_Program\MikTex\tex/latex/nanumtype1\lucnanummj.fd
File: lucnanummj.fd 2013/02/12 v0.1 Nanum Myeongjo font definitions
)
LaTeX Font Info:    ... okay on input line 12.
 (G:\Install_Program\MikTex\tex/context/base/mkii\supp-pdf.mkii
[Loading MPS to PDF converter (version 2006.09.02).]
\scratchcounter=\count273
\scratchdimen=\dimen152
\scratchbox=\box53
\nofMPsegments=\count274
\nofMParguments=\count275
\everyMPshowfont=\toks26
\MPscratchCnt=\count276
\MPscratchDim=\dimen153
\MPnumerator=\count277
\makeMPintoPDFobject=\count278
\everyMPtoPDFconversion=\toks27
) (G:\Install_Program\MikTex\tex/latex/epstopdf-pkg\epstopdf-base.sty
Package: epstopdf-base 2020-01-24 v2.11 Base part for package epstopdf
Package epstopdf-base Info: Redefining graphics rule for `.eps' on input line 485.
 (G:\Install_Program\MikTex\tex/latex/00miktex\epstopdf-sys.cfg
File: epstopdf-sys.cfg 2021/03/18 v2.0 Configuration of epstopdf for MiKTeX
))

Package microtype Warning: Command \pickup@font is not defined as expected.
(microtype)                Patching it anyway. Some things may break.
(microtype)                Double-check whether micro-typography is indeed
(microtype)                applied to the document.
(microtype)                (Hint: Turn on `verbose' mode).

LaTeX Info: Redefining \microtypecontext on input line 12.
Package microtype Info: Generating PDF output.
Package microtype Info: Character protrusion enabled (level 2).
Package microtype Info: Using default protrusion set `alltext'.
Package microtype Info: Automatic font expansion enabled (level 2),
(microtype)             stretch: 20, shrink: 20, step: 1, non-selected.
Package microtype Info: Using default expansion set `alltext-nott'.
LaTeX Info: Redefining \showhyphens on input line 12.
Package microtype Info: No adjustment of tracking.
Package microtype Info: No adjustment of interword spacing.
Package microtype Info: No adjustment of character kerning.
(G:\Install_Program\MikTex\tex/latex/microtype\mt-cmr.cfg
File: mt-cmr.cfg 2013/05/19 v2.2 microtype config. file: Computer Modern Roman (RS)
)
<EM_Solution_5_edit.png, id=1, 356.532pt x 215.058pt>
File: EM_Solution_5_edit.png Graphic file (type png)
<use EM_Solution_5_edit.png>
Package pdftex.def Info: EM_Solution_5_edit.png  used on input line 15.
(pdftex.def)             Requested size: 199.16928pt x 120.14287pt.
LaTeX Font Info:    Trying to load font information for U+rsfs on input line 19.
 (G:\Install_Program\MikTex\tex/latex/jknappen\ursfs.fd
File: ursfs.fd 1998/03/24 rsfs font definition file (jk)
)
LaTeX Font Info:    Trying to load font information for U+msa on input line 19.
 (G:\Install_Program\MikTex\tex/latex/amsfonts\umsa.fd
File: umsa.fd 2013/01/14 v3.01 AMS symbols A
) (G:\Install_Program\MikTex\tex/latex/microtype\mt-msa.cfg
File: mt-msa.cfg 2006/02/04 v1.1 microtype config. file: AMS symbols (a) (RS)
)
LaTeX Font Info:    Trying to load font information for U+msb on input line 19.
 (G:\Install_Program\MikTex\tex/latex/amsfonts\umsb.fd
File: umsb.fd 2013/01/14 v3.01 AMS symbols B
) (G:\Install_Program\MikTex\tex/latex/microtype\mt-msb.cfg
File: mt-msb.cfg 2005/06/01 v1.0 microtype config. file: AMS symbols (b) (RS)
)
Underfull \hbox (badness 10000) in paragraph at lines 21--25

 []


Underfull \hbox (badness 10000) in paragraph at lines 21--25

 []


Underfull \hbox (badness 10000) in paragraph at lines 34--43

 []


Underfull \hbox (badness 10000) in paragraph at lines 34--43

 []


Underfull \hbox (badness 10000) in paragraph at lines 34--43

 []


Underfull \hbox (badness 10000) in paragraph at lines 45--50

 []


Underfull \hbox (badness 10000) in paragraph at lines 45--50

 []


Underfull \hbox (badness 10000) in paragraph at lines 45--50

 []


Underfull \hbox (badness 10000) in paragraph at lines 45--50

 []

[1

{C:/Users/128kbps/AppData/Local/MiKTeX/pdftex/config/pdftex.map} <./EM_Solution_5_edit.png>] [2] (2023-11-23 전자기학_5번_수정.aux) ) 
Here is how much of TeX's memory you used:
 5203 strings out of 478927
 77349 string characters out of 2861478
 412939 words of memory out of 3000000
 22918 multiletter control sequences out of 15000+600000
 424037 words of font info for 110 fonts, out of 8000000 for 9000
 1141 hyphenation exceptions out of 8191
 70i,6n,81p,416b,232s stack positions out of 5000i,500n,10000p,200000b,80000s
<G:/Install_Program/MikTex/fonts/type1/public/amsfonts/cm/cmbx10.pfb><G:/Install_Program/MikTex/fonts/type1/public/amsfonts/cm/cmbx12.pfb><G:/Install_Program/MikTex/fonts/type1/public/amsfonts/cm/cmex10.pfb><G:/Install_Program/MikTex/fonts/type1/public/amsfonts/cm/cmmi10.pfb><G:/Install_Program/MikTex/fonts/type1/public/amsfonts/cm/cmmi7.pfb><G:/Install_Program/MikTex/fonts/type1/public/amsfonts/cm/cmr10.pfb><G:/Install_Program/MikTex/fonts/type1/public/amsfonts/cm/cmr5.pfb><G:/Install_Program/MikTex/fonts/type1/public/amsfonts/cm/cmr7.pfb><G:/Install_Program/MikTex/fonts/type1/public/amsfonts/cm/cmsy7.pfb><G:/Install_Program/MikTex/fonts/type1/public/nanumtype1/nanummjbac.pfb><G:/Install_Program/MikTex/fonts/type1/public/nanumtype1/nanummjbad.pfb><G:/Install_Program/MikTex/fonts/type1/public/nanumtype1/nanummjbae.pfb><G:/Install_Program/MikTex/fonts/type1/public/nanumtype1/nanummjbb0.pfb><G:/Install_Program/MikTex/fonts/type1/public/nanumtype1/nanummjbb1.pfb><G:/Install_Program/MikTex/fonts/type1/public/nanumtype1/nanummjbb2.pfb><G:/Install_Program/MikTex/fonts/type1/public/nanumtype1/nanummjbb4.pfb><G:/Install_Program/MikTex/fonts/type1/public/nanumtype1/nanummjbb9.pfb><G:/Install_Program/MikTex/fonts/type1/public/nanumtype1/nanummjbba.pfb><G:/Install_Program/MikTex/fonts/type1/public/nanumtype1/nanummjbbb.pfb><G:/Install_Program/MikTex/fonts/type1/public/nanumtype1/nanummjbbc.pfb><G:/Install_Program/MikTex/fonts/type1/public/nanumtype1/nanummjbbd.pfb><G:/Install_Program/MikTex/fonts/type1/public/nanumtype1/nanummjbc0.pfb><G:/Install_Program/MikTex/fonts/type1/public/nanumtype1/nanummjbc1.pfb><G:/Install_Program/MikTex/fonts/type1/public/nanumtype1/nanummjbc2.pfb><G:/Install_Program/MikTex/fonts/type1/public/nanumtype1/nanummjbc5.pfb><G:/Install_Program/MikTex/fonts/type1/public/nanumtype1/nanummjbc6.pfb><G:/Install_Program/MikTex/fonts/type1/public/nanumtype1/nanummjbc7.pfb><G:/Install_Program/MikTex/fonts/type1/public/nanumtype1/nanummjbc8.pfb><G:/Install_Program/MikTex/fonts/type1/public/nanumtype1/nanummjbc9.pfb><G:/Install_Program/MikTex/fonts/type1/public/nanumtype1/nanummjbcd.pfb><G:/Install_Program/MikTex/fonts/type1/public/nanumtype1/nanummjbd4.pfb><G:/Install_Program/MikTex/fonts/type1/public/nanumtype1/nanummjbd5.pfb><G:/Install_Program/MikTex/fonts/type1/public/nanumtype1/nanummjmac.pfb><G:/Install_Program/MikTex/fonts/type1/public/nanumtype1/nanummjmad.pfb><G:/Install_Program/MikTex/fonts/type1/public/nanumtype1/nanummjmae.pfb><G:/Install_Program/MikTex/fonts/type1/public/nanumtype1/nanummjmb0.pfb><G:/Install_Program/MikTex/fonts/type1/public/nanumtype1/nanummjmb2.pfb><G:/Install_Program/MikTex/fonts/type1/public/nanumtype1/nanummjmb3.pfb><G:/Install_Program/MikTex/fonts/type1/public/nanumtype1/nanummjmb4.pfb><G:/Install_Program/MikTex/fonts/type1/public/nanumtype1/nanummjmb5.pfb><G:/Install_Program/MikTex/fonts/type1/public/nanumtype1/nanummjmb7.pfb><G:/Install_Program/MikTex/fonts/type1/public/nanumtype1/nanummjmb8.pfb><G:/Install_Program/MikTex/fonts/type1/public/nanumtype1/nanummjmb9.pfb><G:/Install_Program/MikTex/fonts/type1/public/nanumtype1/nanummjmba.pfb><G:/Install_Program/MikTex/fonts/type1/public/nanumtype1/nanummjmbb.pfb><G:/Install_Program/MikTex/fonts/type1/public/nanumtype1/nanummjmbc.pfb><G:/Install_Program/MikTex/fonts/type1/public/nanumtype1/nanummjmbd.pfb><G:/Install_Program/MikTex/fonts/type1/public/nanumtype1/nanummjmc0.pfb><G:/Install_Program/MikTex/fonts/type1/public/nanumtype1/nanummjmc1.pfb><G:/Install_Program/MikTex/fonts/type1/public/nanumtype1/nanummjmc2.pfb><G:/Install_Program/MikTex/fonts/type1/public/nanumtype1/nanummjmc5.pfb><G:/Install_Program/MikTex/fonts/type1/public/nanumtype1/nanummjmc6.pfb><G:/Install_Program/MikTex/fonts/type1/public/nanumtype1/nanummjmc7.pfb><G:/Install_Program/MikTex/fonts/type1/public/nanumtype1/nanummjmc8.pfb><G:/Install_Program/MikTex/fonts/type1/public/nanumtype1/nanummjmc9.pfb><G:/Install_Program/MikTex/fonts/type1/public/nanumtype1/nanummjmcc.pfb><G:/Install_Program/MikTex/fonts/type1/public/nanumtype1/nanummjmd0.pfb><G:/Install_Program/MikTex/fonts/type1/public/nanumtype1/nanummjmd4.pfb><G:/Install_Program/MikTex/fonts/type1/public/nanumtype1/nanummjmd5.pfb><G:/Install_Program/MikTex/fonts/type1/public/nanumtype1/nanummjmd6.pfb>
Output written on "2023-11-23 전자기학_5번_수정.pdf" (2 pages, 2480612 bytes).
PDF statistics:
 312 PDF objects out of 1000 (max. 8388607)
 0 named destinations out of 1000 (max. 500000)
 12294 words of extra memory for PDF output out of 14400 (max. 10000000)

