This is pdfTeX, Version 3.141592653-2.6-1.40.23 (MiKTeX 21.8) (preloaded format=pdflatex 2021.9.15)  5 APR 2024 18:33
entering extended mode
**"e:/Cabinet_Main/Cabinet_Documents/Git/Codes/Tex/2024-04-04 Diagramm.tex"
(e:/Cabinet_Main/Cabinet_Documents/Git/Codes/Tex/2024-04-04 Diagramm.tex
LaTeX2e <2021-06-01> patch level 1
L3 programming layer <2021-08-27> (G:\Install_Program\MikTex\tex/latex/base\article.cls
Document Class: article 2021/02/12 v1.4n Standard LaTeX document class
(G:\Install_Program\MikTex\tex/latex/base\size10.clo
File: size10.clo 2021/02/12 v1.4n Standard LaTeX file (size option)
)
\c@part=\count182
\c@section=\count183
\c@subsection=\count184
\c@subsubsection=\count185
\c@paragraph=\count186
\c@subparagraph=\count187
\c@figure=\count188
\c@table=\count189
\abovecaptionskip=\skip47
\belowcaptionskip=\skip48
\bibindent=\dimen138
) (G:\Install_Program\MikTex\tex/latex/amsmath\amsmath.sty
Package: amsmath 2021/04/20 v2.17j AMS math features
\@mathmargin=\skip49

For additional information on amsmath, use the `?' option.
(G:\Install_Program\MikTex\tex/latex/amsmath\amstext.sty
Package: amstext 2000/06/29 v2.01 AMS text
 (G:\Install_Program\MikTex\tex/latex/amsmath\amsgen.sty
File: amsgen.sty 1999/11/30 v2.0 generic functions
\@emptytoks=\toks16
\ex@=\dimen139
)) (G:\Install_Program\MikTex\tex/latex/amsmath\amsbsy.sty
Package: amsbsy 1999/11/29 v1.2d Bold Symbols
\pmbraise@=\dimen140
) (G:\Install_Program\MikTex\tex/latex/amsmath\amsopn.sty
Package: amsopn 2016/03/08 v2.02 operator names
)
\inf@bad=\count190
LaTeX Info: Redefining \frac on input line 234.
\uproot@=\count191
\leftroot@=\count192
LaTeX Info: Redefining \overline on input line 399.
\classnum@=\count193
\DOTSCASE@=\count194
LaTeX Info: Redefining \ldots on input line 496.
LaTeX Info: Redefining \dots on input line 499.
LaTeX Info: Redefining \cdots on input line 620.
\Mathstrutbox@=\box50
\strutbox@=\box51
\big@size=\dimen141
LaTeX Font Info:    Redeclaring font encoding OML on input line 743.
LaTeX Font Info:    Redeclaring font encoding OMS on input line 744.
\macc@depth=\count195
\c@MaxMatrixCols=\count196
\dotsspace@=\muskip16
\c@parentequation=\count197
\dspbrk@lvl=\count198
\tag@help=\toks17
\row@=\count199
\column@=\count266
\maxfields@=\count267
\andhelp@=\toks18
\eqnshift@=\dimen142
\alignsep@=\dimen143
\tagshift@=\dimen144
\tagwidth@=\dimen145
\totwidth@=\dimen146
\lineht@=\dimen147
\@envbody=\toks19
\multlinegap=\skip50
\multlinetaggap=\skip51
\mathdisplay@stack=\toks20
LaTeX Info: Redefining \[ on input line 2923.
LaTeX Info: Redefining \] on input line 2924.
) (G:\Install_Program\MikTex\tex/latex/jknappen\mathrsfs.sty
Package: mathrsfs 1996/01/01 Math RSFS package v1.0 (jk)
\symrsfs=\mathgroup4
) (G:\Install_Program\MikTex\tex/latex/amsfonts\amssymb.sty
Package: amssymb 2013/01/14 v3.01 AMS font symbols
 (G:\Install_Program\MikTex\tex/latex/amsfonts\amsfonts.sty
Package: amsfonts 2013/01/14 v3.01 Basic AMSFonts support
\symAMSa=\mathgroup5
\symAMSb=\mathgroup6
LaTeX Font Info:    Redeclaring math symbol \hbar on input line 98.
LaTeX Font Info:    Overwriting math alphabet `\mathfrak' in version `bold'
(Font)                  U/euf/m/n --> U/euf/b/n on input line 106.
)) (G:\Install_Program\MikTex\tex/latex/feynmp-auto\feynmp-auto.sty
Package: feynmp-auto 2013/05/03 v1.1 Automatic processing of feynmp graphics
 (G:\Install_Program\MikTex\tex/latex/feynmf\feynmp.sty
Package: feynmp 1996/12/02 v1.08 LaTeX/MetaPost Feynman Diagram Package (ohl)
 (G:\Install_Program\MikTex\tex/latex/graphics\graphics.sty
Package: graphics 2021/03/04 v1.4d Standard LaTeX Graphics (DPC,SPQR)
 (G:\Install_Program\MikTex\tex/latex/graphics\trig.sty
Package: trig 2016/01/03 v1.10 sin cos tan (DPC)
) (G:\Install_Program\MikTex\tex/latex/graphics-cfg\graphics.cfg
File: graphics.cfg 2016/06/04 v1.11 sample graphics configuration
)
Package graphics Info: Driver file: pdftex.def on input line 107.
 (G:\Install_Program\MikTex\tex/latex/graphics-def\pdftex.def
File: pdftex.def 2020/10/05 v1.2a Graphics/color driver for pdftex
))
\@outfmf=\write3
\fmfbuf@=\toks21
\c@fmfgraph=\count268
) (G:\Install_Program\MikTex\tex/generic/iftex\ifpdf.sty
Package: ifpdf 2019/10/25 v3.4 ifpdf legacy package. Use iftex instead.
 (G:\Install_Program\MikTex\tex/generic/iftex\iftex.sty
Package: iftex 2020/03/06 v1.0d TeX engine tests
)) (G:\Install_Program\MikTex\tex/generic/iftex\ifxetex.sty
Package: ifxetex 2019/10/25 v0.7 ifxetex legacy package. Use iftex instead.
) (G:\Install_Program\MikTex\tex/generic/pdftexcmds\pdftexcmds.sty
Package: pdftexcmds 2020-06-27 v0.33 Utility functions of pdfTeX for LuaTeX (HO)
 (G:\Install_Program\MikTex\tex/generic/infwarerr\infwarerr.sty
Package: infwarerr 2019/12/03 v1.5 Providing info/warning/error messages (HO)
) (G:\Install_Program\MikTex\tex/generic/ltxcmds\ltxcmds.sty
Package: ltxcmds 2020-05-10 v1.25 LaTeX kernel commands for general use (HO)
)
Package pdftexcmds Info: \pdf@primitive is available.
Package pdftexcmds Info: \pdf@ifprimitive is available.
Package pdftexcmds Info: \pdfdraftmode found.
)) (G:\Install_Program\MikTex\tex/latex/geometry\geometry.sty
Package: geometry 2020/01/02 v5.9 Page Geometry
 (G:\Install_Program\MikTex\tex/latex/graphics\keyval.sty
Package: keyval 2014/10/28 v1.15 key=value parser (DPC)
\KV@toks@=\toks22
) (G:\Install_Program\MikTex\tex/generic/iftex\ifvtex.sty
Package: ifvtex 2019/10/25 v1.7 ifvtex legacy package. Use iftex instead.
)
\Gm@cnth=\count269
\Gm@cntv=\count270
\c@Gm@tempcnt=\count271
\Gm@bindingoffset=\dimen148
\Gm@wd@mp=\dimen149
\Gm@odd@mp=\dimen150
\Gm@even@mp=\dimen151
\Gm@layoutwidth=\dimen152
\Gm@layoutheight=\dimen153
\Gm@layouthoffset=\dimen154
\Gm@layoutvoffset=\dimen155
\Gm@dimlist=\toks23
 (G:\Install_Program\MikTex\tex/latex/geometry\geometry.cfg)) (G:\Install_Program\MikTex\tex/latex/l3backend\l3backend-pdftex.def
File: l3backend-pdftex.def 2021-08-04 L3 backend support: PDF output (pdfTeX)
\l__color_backend_stack_int=\count272
\l__pdf_internal_box=\box52
) (2024-04-04 Diagramm.aux)
\openout1 = `"2024-04-04 Diagramm.aux"'.

LaTeX Font Info:    Checking defaults for OML/cmm/m/it on input line 17.
LaTeX Font Info:    ... okay on input line 17.
LaTeX Font Info:    Checking defaults for OMS/cmsy/m/n on input line 17.
LaTeX Font Info:    ... okay on input line 17.
LaTeX Font Info:    Checking defaults for OT1/cmr/m/n on input line 17.
LaTeX Font Info:    ... okay on input line 17.
LaTeX Font Info:    Checking defaults for T1/cmr/m/n on input line 17.
LaTeX Font Info:    ... okay on input line 17.
LaTeX Font Info:    Checking defaults for TS1/cmr/m/n on input line 17.
LaTeX Font Info:    ... okay on input line 17.
LaTeX Font Info:    Checking defaults for OMX/cmex/m/n on input line 17.
LaTeX Font Info:    ... okay on input line 17.
LaTeX Font Info:    Checking defaults for U/cmr/m/n on input line 17.
LaTeX Font Info:    ... okay on input line 17.
 (G:\Install_Program\MikTex\tex/context/base/mkii\supp-pdf.mkii
[Loading MPS to PDF converter (version 2006.09.02).]
\scratchcounter=\count273
\scratchdimen=\dimen156
\scratchbox=\box53
\nofMPsegments=\count274
\nofMParguments=\count275
\everyMPshowfont=\toks24
\MPscratchCnt=\count276
\MPscratchDim=\dimen157
\MPnumerator=\count277
\makeMPintoPDFobject=\count278
\everyMPtoPDFconversion=\toks25
) (G:\Install_Program\MikTex\tex/latex/epstopdf-pkg\epstopdf-base.sty
Package: epstopdf-base 2020-01-24 v2.11 Base part for package epstopdf
Package epstopdf-base Info: Redefining graphics rule for `.eps' on input line 485.
 (G:\Install_Program\MikTex\tex/latex/00miktex\epstopdf-sys.cfg
File: epstopdf-sys.cfg 2021/03/18 v2.0 Configuration of epstopdf for MiKTeX
))
*geometry* driver: auto-detecting
*geometry* detected driver: pdftex
*geometry* verbose mode - [ preamble ] result:
* driver: pdftex
* paper: a4paper
* layout: <same size as paper>
* layoutoffset:(h,v)=(0.0pt,0.0pt)
* modes: 
* h-part:(L,W,R)=(56.9055pt, 483.69687pt, 56.9055pt)
* v-part:(T,H,B)=(42.67912pt, 745.46222pt, 56.9055pt)
* \paperwidth=597.50787pt
* \paperheight=845.04684pt
* \textwidth=483.69687pt
* \textheight=745.46222pt
* \oddsidemargin=-15.36449pt
* \evensidemargin=-15.36449pt
* \topmargin=-66.59087pt
* \headheight=12.0pt
* \headsep=25.0pt
* \topskip=10.0pt
* \footskip=30.0pt
* \marginparwidth=65.0pt
* \marginparsep=11.0pt
* \columnsep=10.0pt
* \skip\footins=9.0pt plus 4.0pt minus 2.0pt
* \hoffset=0.0pt
* \voffset=0.0pt
* \mag=1000
* \@twocolumnfalse
* \@twosidefalse
* \@mparswitchfalse
* \@reversemarginfalse
* (1in=72.27pt=25.4mm, 1cm=28.453pt)

\openout3 = `propagator.mp'.

File: propagator.1 Graphic file (type mps)
[MP to PDF] (propagator.1) (propagator.t1
LaTeX Font Info:    Trying to load font information for U+rsfs on input line 2.
 (G:\Install_Program\MikTex\tex/latex/jknappen\ursfs.fd
File: ursfs.fd 1998/03/24 rsfs font definition file (jk)
)
LaTeX Font Info:    Trying to load font information for U+msa on input line 2.
 (G:\Install_Program\MikTex\tex/latex/amsfonts\umsa.fd
File: umsa.fd 2013/01/14 v3.01 AMS symbols A
)
LaTeX Font Info:    Trying to load font information for U+msb on input line 2.
 (G:\Install_Program\MikTex\tex/latex/amsfonts\umsb.fd
File: umsb.fd 2013/01/14 v3.01 AMS symbols B
))
\openout3 = `bare_propagator.mp'.

File: bare_propagator.1 Graphic file (type mps)
 [MP to PDF] (bare_propagator.1) (bare_propagator.t1)
\openout3 = `self_energy.mp'.

File: self_energy.1 Graphic file (type mps)
 [MP to PDF] (self_energy.1) (self_energy.t1)
Overfull \hbox (23.0945pt too wide) in paragraph at lines 50--50
[][] 
 []

\openout3 = `NCA.mp'.

File: NCA.1 Graphic file (type mps)
[MP to PDF] (NCA.1) (NCA.t1)
Overfull \hbox (13.0945pt too wide) in paragraph at lines 100--100
[][] 
 []

\openout3 = `NCA_1.mp'.

File: NCA_1.1 Graphic file (type mps)
[MP to PDF] (NCA_1.1)
feynmf: Label file NCA_1.t1 not found:
feynmf: Process NCA_1.mp with MetaPost and then reprocess this file.

Overfull \hbox (23.0945pt too wide) in paragraph at lines 116--116
[][] 
 []

\openout3 = `NCA_2.mp'.

File: NCA_2.1 Graphic file (type mps)
[MP to PDF] (NCA_2.1)
feynmf: Label file NCA_2.t1 not found:
feynmf: Process NCA_2.mp with MetaPost and then reprocess this file.

Overfull \hbox (23.0945pt too wide) in paragraph at lines 129--129
[][] 
 []

\openout3 = `NCA_3.mp'.

File: NCA_3.1 Graphic file (type mps)
[MP to PDF] (NCA_3.1)
feynmf: Label file NCA_3.t1 not found:
feynmf: Process NCA_3.mp with MetaPost and then reprocess this file.

Overfull \hbox (7.73622pt too wide) in paragraph at lines 147--147
[][] 
 []


Underfull \hbox (badness 10000) in paragraph at lines 107--152

 []


Underfull \hbox (badness 10000) in paragraph at lines 107--152

 []

[1

{C:/Users/128kbps/AppData/Local/MiKTeX/pdftex/config/pdftex.map}]
\openout3 = `OCA.mp'.

File: OCA.1 Graphic file (type mps)
 [MP to PDF] (OCA.1) (OCA.t1)
Overfull \hbox (93.0945pt too wide) in paragraph at lines 171--171
[][] 
 []

\openout3 = `OCA_1.mp'.

File: OCA_1.1 Graphic file (type mps)
[MP to PDF] (OCA_1.1)
feynmf: Label file OCA_1.t1 not found:
feynmf: Process OCA_1.mp with MetaPost and then reprocess this file.
\openout3 = `OCA_2.mp'.

File: OCA_2.1 Graphic file (type mps)
[MP to PDF] (OCA_2.1)
feynmf: Label file OCA_2.t1 not found:
feynmf: Process OCA_2.mp with MetaPost and then reprocess this file.
[2] (2024-04-04 Diagramm.aux) ) 
Here is how much of TeX's memory you used:
 3922 strings out of 478927
 54333 string characters out of 2861478
 374553 words of memory out of 3000000
 21689 multiletter control sequences out of 15000+600000
 406551 words of font info for 41 fonts, out of 8000000 for 9000
 1141 hyphenation exceptions out of 8191
 71i,16n,80p,316b,578s stack positions out of 5000i,500n,10000p,200000b,80000s
<G:/Install_Program/MikTex/fonts/type1/public/amsfonts/cm/cmbx10.pfb><G:/Install_Program/MikTex/fonts/type1/public/amsfonts/cm/cmbx7.pfb><G:/Install_Program/MikTex/fonts/type1/public/amsfonts/cm/cmex10.pfb><G:/Install_Program/MikTex/fonts/type1/public/amsfonts/cmextra/cmex7.pfb><G:/Install_Program/MikTex/fonts/type1/public/amsfonts/cm/cmmi10.pfb><G:/Install_Program/MikTex/fonts/type1/public/amsfonts/cm/cmmi5.pfb><G:/Install_Program/MikTex/fonts/type1/public/amsfonts/cm/cmmi7.pfb><G:/Install_Program/MikTex/fonts/type1/public/amsfonts/cm/cmr10.pfb><G:/Install_Program/MikTex/fonts/type1/public/amsfonts/cm/cmr5.pfb><G:/Install_Program/MikTex/fonts/type1/public/amsfonts/cm/cmr7.pfb><G:/Install_Program/MikTex/fonts/type1/public/amsfonts/cm/cmsy10.pfb><G:/Install_Program/MikTex/fonts/type1/public/amsfonts/cm/cmsy5.pfb><G:/Install_Program/MikTex/fonts/type1/public/amsfonts/cm/cmsy7.pfb>
Output written on "2024-04-04 Diagramm.pdf" (2 pages, 151730 bytes).
PDF statistics:
 74 PDF objects out of 1000 (max. 8388607)
 0 named destinations out of 1000 (max. 500000)
 1 words of extra memory for PDF output out of 10000 (max. 10000000)

