This is pdfTeX, Version 3.141592653-2.6-1.40.23 (MiKTeX 21.8) (preloaded format=pdflatex 2021.9.15)  2 NOV 2024 13:49
entering extended mode
**"e:/Cabinet_Main/Cabinet_Documents/Git/Codes/Tex/2024-11-02 QuCISpub.tex"
(e:/Cabinet_Main/Cabinet_Documents/Git/Codes/Tex/2024-11-02 QuCISpub.tex
LaTeX2e <2021-06-01> patch level 1
L3 programming layer <2021-08-27> (G:\Install_Program\MikTex\tex/latex/base\article.cls
Document Class: article 2021/02/12 v1.4n Standard LaTeX document class
(G:\Install_Program\MikTex\tex/latex/base\size10.clo
File: size10.clo 2021/02/12 v1.4n Standard LaTeX file (size option)
)
\c@part=\count182
\c@section=\count183
\c@subsection=\count184
\c@subsubsection=\count185
\c@paragraph=\count186
\c@subparagraph=\count187
\c@figure=\count188
\c@table=\count189
\abovecaptionskip=\skip47
\belowcaptionskip=\skip48
\bibindent=\dimen138
) (G:\Install_Program\MikTex\tex/latex/cite\cite.sty
LaTeX Info: Redefining \cite on input line 302.
LaTeX Info: Redefining \nocite on input line 332.
Package: cite 2015/02/27  v 5.5
) (G:\Install_Program\MikTex\tex/latex/tex-gyre\tgtermes.sty
Package: tgtermes 2009/09/27 v1.2 TeX Gyre Termes as default roman family
 (G:\Install_Program\MikTex\tex/latex/kvoptions\kvoptions.sty
Package: kvoptions 2020-10-07 v3.14 Key value format for package options (HO)
 (G:\Install_Program\MikTex\tex/latex/graphics\keyval.sty
Package: keyval 2014/10/28 v1.15 key=value parser (DPC)
\KV@toks@=\toks16
) (G:\Install_Program\MikTex\tex/generic/ltxcmds\ltxcmds.sty
Package: ltxcmds 2020-05-10 v1.25 LaTeX kernel commands for general use (HO)
) (G:\Install_Program\MikTex\tex/generic/kvsetkeys\kvsetkeys.sty
Package: kvsetkeys 2019/12/15 v1.18 Key value parser (HO)
))) (G:\Install_Program\MikTex\tex/latex/geometry\geometry.sty
Package: geometry 2020/01/02 v5.9 Page Geometry
 (G:\Install_Program\MikTex\tex/generic/iftex\ifvtex.sty
Package: ifvtex 2019/10/25 v1.7 ifvtex legacy package. Use iftex instead.
 (G:\Install_Program\MikTex\tex/generic/iftex\iftex.sty
Package: iftex 2020/03/06 v1.0d TeX engine tests
))
\Gm@cnth=\count190
\Gm@cntv=\count191
\c@Gm@tempcnt=\count192
\Gm@bindingoffset=\dimen139
\Gm@wd@mp=\dimen140
\Gm@odd@mp=\dimen141
\Gm@even@mp=\dimen142
\Gm@layoutwidth=\dimen143
\Gm@layoutheight=\dimen144
\Gm@layouthoffset=\dimen145
\Gm@layoutvoffset=\dimen146
\Gm@dimlist=\toks17
 (G:\Install_Program\MikTex\tex/latex/geometry\geometry.cfg)) (G:\Install_Program\MikTex\tex/latex/cjk-ko\kotex.sty
Package: kotex 2015/04/19 v1.6 Korean TeX (ko.TeX)
 (G:\Install_Program\MikTex\tex/latex/kotex-utf\kotex.cfg) (G:\Install_Program\MikTex\tex/latex/kotex-utf\kotexutf.sty
Package: kotexutf 2015/07/18 v2.1.1 typesetting UTF-8 Korean documents
 (G:\Install_Program\MikTex\tex/latex/base\inputenc.sty
Package: inputenc 2021/02/14 v1.3d Input encoding file
\inpenc@prehook=\toks18
\inpenc@posthook=\toks19
) (G:\Install_Program\MikTex\tex/plain/kotex-plain\kotexutf-core.tex
\unih@ngulpoint=\count193
\dhucs@emph@raise=\dimen147
)
Now handling font encoding LUC ...
... processing UTF-8 mapping file for font encoding LUC
 (G:\Install_Program\MikTex\tex/latex/kotex-utf\lucenc.dfu
File: lucenc.dfu 2007/09/05 UTF-8 support for dhucs
   defining Unicode char U+00B7 (decimal 183)
   defining Unicode char U+2018 (decimal 8216)
   defining Unicode char U+2019 (decimal 8217)
   defining Unicode char U+201C (decimal 8220)
   defining Unicode char U+201D (decimal 8221)
   defining Unicode char U+3001 (decimal 12289)
   defining Unicode char U+3002 (decimal 12290)
   defining Unicode char U+3008 (decimal 12296)
   defining Unicode char U+3009 (decimal 12297)
   defining Unicode char U+300A (decimal 12298)
   defining Unicode char U+300B (decimal 12299)
   defining Unicode char U+300C (decimal 12300)
   defining Unicode char U+300D (decimal 12301)
   defining Unicode char U+300E (decimal 12302)
   defining Unicode char U+300F (decimal 12303)
   defining Unicode char U+3010 (decimal 12304)
   defining Unicode char U+3011 (decimal 12305)
   defining Unicode char U+3014 (decimal 12308)
   defining Unicode char U+3015 (decimal 12309)
   defining Unicode char U+3016 (decimal 12310)
   defining Unicode char U+3017 (decimal 12311)
   defining Unicode char U+3018 (decimal 12312)
   defining Unicode char U+3019 (decimal 12313)
   defining Unicode char U+301A (decimal 12314)
   defining Unicode char U+301B (decimal 12315)
   defining Unicode char U+FF01 (decimal 65281)
   defining Unicode char U+FF08 (decimal 65288)
   defining Unicode char U+FF09 (decimal 65289)
   defining Unicode char U+FF0C (decimal 65292)
   defining Unicode char U+FF0E (decimal 65294)
   defining Unicode char U+FF1A (decimal 65306)
   defining Unicode char U+FF1B (decimal 65307)
   defining Unicode char U+FF1C (decimal 65308)
   defining Unicode char U+FF1D (decimal 65309)
   defining Unicode char U+FF1E (decimal 65310)
   defining Unicode char U+FF1F (decimal 65311)
   defining Unicode char U+FF3B (decimal 65339)
   defining Unicode char U+FF3D (decimal 65341)
   defining Unicode char U+FF5B (decimal 65371)
   defining Unicode char U+FF5D (decimal 65373)
   defining Unicode char U+FF61 (decimal 65377)
   defining Unicode char U+FF62 (decimal 65378)
   defining Unicode char U+FF63 (decimal 65379)
   defining Unicode char U+FF64 (decimal 65380)
   defining Unicode char U+FF65 (decimal 65381)
)
\@josa=\count194
\josatoks=\toks20
 (G:\Install_Program\MikTex\tex/latex/cjk-ko\kolabels-utf.sty
Package: kolabels-utf 2015/03/20 v1.5 UTF-8 Hangul item labels
)))
LaTeX Font Info:    Trying to load font information for OT1+qtm on input line 13.
 (G:\Install_Program\MikTex\tex/latex/tex-gyre\ot1qtm.fd
File: ot1qtm.fd 2009/09/25 v1.2 font definition file for OT1/qtm
) (G:\Install_Program\MikTex\tex/latex/l3backend\l3backend-pdftex.def
File: l3backend-pdftex.def 2021-08-04 L3 backend support: PDF output (pdfTeX)
\l__color_backend_stack_int=\count195
\l__pdf_internal_box=\box50
) (2024-11-02 QuCISpub.aux)
\openout1 = `"2024-11-02 QuCISpub.aux"'.

LaTeX Font Info:    Checking defaults for OML/cmm/m/it on input line 13.
LaTeX Font Info:    ... okay on input line 13.
LaTeX Font Info:    Checking defaults for OMS/cmsy/m/n on input line 13.
LaTeX Font Info:    ... okay on input line 13.
LaTeX Font Info:    Checking defaults for OT1/cmr/m/n on input line 13.
LaTeX Font Info:    ... okay on input line 13.
LaTeX Font Info:    Checking defaults for T1/cmr/m/n on input line 13.
LaTeX Font Info:    ... okay on input line 13.
LaTeX Font Info:    Checking defaults for TS1/cmr/m/n on input line 13.
LaTeX Font Info:    ... okay on input line 13.
LaTeX Font Info:    Checking defaults for OMX/cmex/m/n on input line 13.
LaTeX Font Info:    ... okay on input line 13.
LaTeX Font Info:    Checking defaults for U/cmr/m/n on input line 13.
LaTeX Font Info:    ... okay on input line 13.
LaTeX Font Info:    Checking defaults for LUC/nanummj/m/n on input line 13.
LaTeX Font Info:    Trying to load font information for LUC+nanummj on input line 13.
 (G:\Install_Program\MikTex\tex/latex/nanumtype1\lucnanummj.fd
File: lucnanummj.fd 2013/02/12 v0.1 Nanum Myeongjo font definitions
)
LaTeX Font Info:    ... okay on input line 13.

*geometry* driver: auto-detecting
*geometry* detected driver: pdftex
*geometry* verbose mode - [ preamble ] result:
* driver: pdftex
* paper: a4paper
* layout: <same size as paper>
* layoutoffset:(h,v)=(0.0pt,0.0pt)
* modes: 
* h-part:(L,W,R)=(72.26997pt, 452.96793pt, 72.26997pt)
* v-part:(T,H,B)=(85.35826pt, 687.41861pt, 72.26997pt)
* \paperwidth=597.50787pt
* \paperheight=845.04684pt
* \textwidth=452.96793pt
* \textheight=687.41861pt
* \oddsidemargin=-0.00002pt
* \evensidemargin=-0.00002pt
* \topmargin=-23.91173pt
* \headheight=12.0pt
* \headsep=25.0pt
* \topskip=10.0pt
* \footskip=30.0pt
* \marginparwidth=65.0pt
* \marginparsep=11.0pt
* \columnsep=10.0pt
* \skip\footins=9.0pt plus 4.0pt minus 2.0pt
* \hoffset=0.0pt
* \voffset=0.0pt
* \mag=1000
* \@twocolumnfalse
* \@twosidefalse
* \@mparswitchfalse
* \@reversemarginfalse
* (1in=72.27pt=25.4mm, 1cm=28.453pt)

(2024-11-02 QuCISpub.bbl [1

{C:/Users/128kbps/AppData/Local/MiKTeX/pdftex/config/pdftex.map}] [2]
LaTeX Font Info:    Trying to load font information for LUC+uhcmj on input line 310.
 (G:\Install_Program\MikTex\tex/latex/kotex-utf\lucuhcmj.fd
File: lucuhcmj.fd 2013/09/26 UHC Myeongjo font definitions
)
Missing character: There is no  in font uwmj03!
 [3] [4] [5] [6]
LaTeX Font Info:    External font `cmex10' loaded for size
(Font)              <7> on input line 773.
LaTeX Font Info:    External font `cmex10' loaded for size
(Font)              <5> on input line 773.
 [7] [8] [9] [10] [11] [12] [13] [14] [15] [16] [17]
2024-11-02 QuCISpub.bbl:2100: Missing $ inserted.
<inserted text> 
                $
l.2100 ...la of size n can be evaluated in time n^
                                                  {1/2+o(1)} on
I've inserted a begin-math/end-math symbol since I think
you left one out. Proceed, with fingers crossed.

2024-11-02 QuCISpub.bbl:2103: Missing $ inserted.
<inserted text> 
                $
l.2103 
       
I've inserted a begin-math/end-math symbol since I think
you left one out. Proceed, with fingers crossed.

2024-11-02 QuCISpub.bbl:2103: Missing } inserted.
<inserted text> 
                }
l.2103 
       
I've inserted something that you may have forgotten.
(See the <inserted text> above.)
With luck, this will get me unwedged. But if you
really didn't forget anything, try typing `2' now; then
my insertion and my current dilemma will both disappear.

2024-11-02 QuCISpub.bbl:2103: Extra }, or forgotten \endgroup.
\par ...m \@noitemerr {\@@par }\fi \else {\@@par }
                                                  \fi 
l.2103 
       
I've deleted a group-closing symbol because it seems to be
spurious, as in `$x}$'. But perhaps the } is legitimate and
you forgot something else, as in `\hbox{$x}'. In such cases
the way to recover is to insert both the forgotten and the
deleted material, e.g., by typing `I$}'.

[18] [19] [20] [21] [22] [23] [24] [25] [26] [27] [28] [29] [30] [31] [32] [33] [34] [35] [36]
Underfull \hbox (badness 10000) in paragraph at lines 4397--4402
[]\OT1/qtm/m/n/10 E. Ku-bis-chta and I. Teix-eira.  Quan-tum codes from twisted uni-tary <mml:math
 []


Underfull \hbox (badness 10000) in paragraph at lines 4397--4402
\OT1/qtm/m/n/10 xmlns:mml="http://www.w3.org/1998/math/mathml" dis-play="inline"><mml:mi>t</mml:mi></mml:math>
 []

[37] [38] [39] [40] [41] [42] [43] [44] [45] [46] [47] [48] [49] [50] [51] [52] [53] [54] [55] [56] [57] [58] [59] [60]) [61] [62] (2024-11-02 QuCISpub.aux)

LaTeX Warning: Label(s) may have changed. Rerun to get cross-references right.

 ) 
Here is how much of TeX's memory you used:
 3162 strings out of 478927
 37689 string characters out of 2861478
 344765 words of memory out of 3000000
 21020 multiletter control sequences out of 15000+600000
 416296 words of font info for 35 fonts, out of 8000000 for 9000
 1141 hyphenation exceptions out of 8191
 57i,5n,66p,265b,1332s stack positions out of 5000i,500n,10000p,200000b,80000s
{G:/Install_Program/MikTex/fonts/enc/dvips/tex-gyre/q-rm.enc}<G:/Install_Program/MikTex/fonts/type1/public/amsfonts/cm/cmmi10.pfb><G:/Install_Program/MikTex/fonts/type1/public/amsfonts/cm/cmmi7.pfb><G:/Install_Program/MikTex/fonts/type1/public/amsfonts/cm/cmr10.pfb><G:/Install_Program/MikTex/fonts/type1/public/amsfonts/cm/cmr7.pfb><G:/Install_Program/MikTex/fonts/type1/public/tex-gyre/qtmb.pfb><G:/Install_Program/MikTex/fonts/type1/public/tex-gyre/qtmr.pfb><G:/Install_Program/MikTex/fonts/type1/public/tex-gyre/qtmri.pfb><G:/Install_Program/MikTex/fonts/type1/uhc/umj/umj01.pfb>
Output written on "2024-11-02 QuCISpub.pdf" (62 pages, 355689 bytes).
PDF statistics:
 243 PDF objects out of 1000 (max. 8388607)
 0 named destinations out of 1000 (max. 500000)
 1 words of extra memory for PDF output out of 10000 (max. 10000000)

