This is pdfTeX, Version 3.141592653-2.6-1.40.23 (MiKTeX 21.8) (preloaded format=pdflatex 2021.9.15)  17 OCT 2024 18:58
entering extended mode
**"e:/Cabinet_Main/Cabinet_Documents/Git/Codes/Tex/2024-09-09 Thesis_Bib.tex"
(e:/Cabinet_Main/Cabinet_Documents/Git/Codes/Tex/2024-09-09 Thesis_Bib.tex
LaTeX2e <2021-06-01> patch level 1
L3 programming layer <2021-08-27> (G:\Install_Program\MikTex\tex/latex/base\article.cls
Document Class: article 2021/02/12 v1.4n Standard LaTeX document class
(G:\Install_Program\MikTex\tex/latex/base\size10.clo
File: size10.clo 2021/02/12 v1.4n Standard LaTeX file (size option)
)
\c@part=\count182
\c@section=\count183
\c@subsection=\count184
\c@subsubsection=\count185
\c@paragraph=\count186
\c@subparagraph=\count187
\c@figure=\count188
\c@table=\count189
\abovecaptionskip=\skip47
\belowcaptionskip=\skip48
\bibindent=\dimen138
) (G:\Install_Program\MikTex\tex/latex/geometry\geometry.sty
Package: geometry 2020/01/02 v5.9 Page Geometry
 (G:\Install_Program\MikTex\tex/latex/graphics\keyval.sty
Package: keyval 2014/10/28 v1.15 key=value parser (DPC)
\KV@toks@=\toks16
) (G:\Install_Program\MikTex\tex/generic/iftex\ifvtex.sty
Package: ifvtex 2019/10/25 v1.7 ifvtex legacy package. Use iftex instead.
 (G:\Install_Program\MikTex\tex/generic/iftex\iftex.sty
Package: iftex 2020/03/06 v1.0d TeX engine tests
))
\Gm@cnth=\count190
\Gm@cntv=\count191
\c@Gm@tempcnt=\count192
\Gm@bindingoffset=\dimen139
\Gm@wd@mp=\dimen140
\Gm@odd@mp=\dimen141
\Gm@even@mp=\dimen142
\Gm@layoutwidth=\dimen143
\Gm@layoutheight=\dimen144
\Gm@layouthoffset=\dimen145
\Gm@layoutvoffset=\dimen146
\Gm@dimlist=\toks17
 (G:\Install_Program\MikTex\tex/latex/geometry\geometry.cfg)) (G:\Install_Program\MikTex\tex/latex/l3backend\l3backend-pdftex.def
File: l3backend-pdftex.def 2021-08-04 L3 backend support: PDF output (pdfTeX)
\l__color_backend_stack_int=\count193
\l__pdf_internal_box=\box50
) (2024-09-09 Thesis_Bib.aux)
\openout1 = `"2024-09-09 Thesis_Bib.aux"'.

LaTeX Font Info:    Checking defaults for OML/cmm/m/it on input line 10.
LaTeX Font Info:    ... okay on input line 10.
LaTeX Font Info:    Checking defaults for OMS/cmsy/m/n on input line 10.
LaTeX Font Info:    ... okay on input line 10.
LaTeX Font Info:    Checking defaults for OT1/cmr/m/n on input line 10.
LaTeX Font Info:    ... okay on input line 10.
LaTeX Font Info:    Checking defaults for T1/cmr/m/n on input line 10.
LaTeX Font Info:    ... okay on input line 10.
LaTeX Font Info:    Checking defaults for TS1/cmr/m/n on input line 10.
LaTeX Font Info:    ... okay on input line 10.
LaTeX Font Info:    Checking defaults for OMX/cmex/m/n on input line 10.
LaTeX Font Info:    ... okay on input line 10.
LaTeX Font Info:    Checking defaults for U/cmr/m/n on input line 10.
LaTeX Font Info:    ... okay on input line 10.

*geometry* driver: auto-detecting
*geometry* detected driver: pdftex
*geometry* verbose mode - [ preamble ] result:
* driver: pdftex
* paper: a4paper
* layout: <same size as paper>
* layoutoffset:(h,v)=(0.0pt,0.0pt)
* modes: 
* h-part:(L,W,R)=(72.26997pt, 452.96793pt, 72.26997pt)
* v-part:(T,H,B)=(85.35826pt, 687.41861pt, 72.26997pt)
* \paperwidth=597.50787pt
* \paperheight=845.04684pt
* \textwidth=452.96793pt
* \textheight=687.41861pt
* \oddsidemargin=-0.00002pt
* \evensidemargin=-0.00002pt
* \topmargin=-23.91173pt
* \headheight=12.0pt
* \headsep=25.0pt
* \topskip=10.0pt
* \footskip=30.0pt
* \marginparwidth=65.0pt
* \marginparsep=11.0pt
* \columnsep=10.0pt
* \skip\footins=9.0pt plus 4.0pt minus 2.0pt
* \hoffset=0.0pt
* \voffset=0.0pt
* \mag=1000
* \@twocolumnfalse
* \@twosidefalse
* \@mparswitchfalse
* \@reversemarginfalse
* (1in=72.27pt=25.4mm, 1cm=28.453pt)


LaTeX Warning: Citation `TEST' on page 1 undefined on input line 11.


LaTeX Warning: Citation `ARF' on page 1 undefined on input line 12.


LaTeX Warning: Citation `PhysRevB.54.R3756' on page 1 undefined on input line 13.


LaTeX Warning: Citation `entropy' on page 1 undefined on input line 14.


LaTeX Warning: Citation `PhysRevB.100.094506' on page 1 undefined on input line 15.


LaTeX Warning: Citation `PSS' on page 1 undefined on input line 16.


LaTeX Warning: Citation `GMS' on page 1 undefined on input line 17.


LaTeX Warning: Citation `Zee2010' on page 1 undefined on input line 18.


LaTeX Warning: Citation `bruus' on page 1 undefined on input line 19.


LaTeX Warning: Citation `PhysRevA.106.033707' on page 1 undefined on input line 20.

(2024-09-09 Thesis_Bib.bbl
2024-09-09 Thesis_Bib.bbl:7: Misplaced alignment tab character &.
l.7 \newblock John Wiley &
                           Sons, Ltd, 1982.
I can't figure out why you would want to use a tab mark
here. If you just want an ampersand, the remedy is
simple: Just type `I\&' now. But if some right brace
up above has ended a previous alignment prematurely,
you're probably due for more error messages, and you
might try typing `S' now just to see what is salvageable.

) [1

{C:/Users/128kbps/AppData/Local/MiKTeX/pdftex/config/pdftex.map}] (2024-09-09 Thesis_Bib.aux)

LaTeX Warning: There were undefined references.


LaTeX Warning: Label(s) may have changed. Rerun to get cross-references right.

 ) 
Here is how much of TeX's memory you used:
 977 strings out of 478927
 16054 string characters out of 2861478
 318310 words of memory out of 3000000
 18893 multiletter control sequences out of 15000+600000
 404689 words of font info for 31 fonts, out of 8000000 for 9000
 1141 hyphenation exceptions out of 8191
 57i,5n,66p,211b,149s stack positions out of 5000i,500n,10000p,200000b,80000s
<G:/Install_Program/MikTex/fonts/type1/public/amsfonts/cm/cmbx10.pfb><G:/Install_Program/MikTex/fonts/type1/public/amsfonts/cm/cmbx12.pfb><G:/Install_Program/MikTex/fonts/type1/public/amsfonts/cm/cmr10.pfb><G:/Install_Program/MikTex/fonts/type1/public/amsfonts/cm/cmti10.pfb>
Output written on "2024-09-09 Thesis_Bib.pdf" (1 page, 65415 bytes).
PDF statistics:
 26 PDF objects out of 1000 (max. 8388607)
 0 named destinations out of 1000 (max. 500000)
 1 words of extra memory for PDF output out of 10000 (max. 10000000)

