This is pdfTeX, Version 3.141592653-2.6-1.40.23 (MiKTeX 21.8) (preloaded format=pdflatex 2021.9.15)  30 OCT 2024 16:11
entering extended mode
**"e:/Cabinet_Main/Cabinet_Documents/Git/Codes/Tex/Master_Thesis/2024-10-12 Master's Thesis2.tex"
(e:/Cabinet_Main/Cabinet_Documents/Git/Codes/Tex/Master_Thesis/2024-10-12 Master's Thesis2.tex
LaTeX2e <2021-06-01> patch level 1
L3 programming layer <2021-08-27> (G:\Install_Program\MikTex\tex/latex/base\article.cls
Document Class: article 2021/02/12 v1.4n Standard LaTeX document class
(G:\Install_Program\MikTex\tex/latex/base\size10.clo
File: size10.clo 2021/02/12 v1.4n Standard LaTeX file (size option)
)
\c@part=\count182
\c@section=\count183
\c@subsection=\count184
\c@subsubsection=\count185
\c@paragraph=\count186
\c@subparagraph=\count187
\c@figure=\count188
\c@table=\count189
\abovecaptionskip=\skip47
\belowcaptionskip=\skip48
\bibindent=\dimen138
) (G:\Install_Program\MikTex\tex/latex/physics\physics.sty
Package: physics 
 (G:\Install_Program\MikTex\tex/latex/l3packages/xparse\xparse.sty (G:\Install_Program\MikTex\tex/latex/l3kernel\expl3.sty
Package: expl3 2021-08-27 L3 programming layer (loader) 
 (G:\Install_Program\MikTex\tex/latex/l3backend\l3backend-pdftex.def
File: l3backend-pdftex.def 2021-08-04 L3 backend support: PDF output (pdfTeX)
\l__color_backend_stack_int=\count190
\l__pdf_internal_box=\box50
))
Package: xparse 2021-08-27 L3 Experimental document command parser
) (G:\Install_Program\MikTex\tex/latex/amsmath\amsmath.sty
Package: amsmath 2021/04/20 v2.17j AMS math features
\@mathmargin=\skip49

For additional information on amsmath, use the `?' option.
(G:\Install_Program\MikTex\tex/latex/amsmath\amstext.sty
Package: amstext 2000/06/29 v2.01 AMS text
 (G:\Install_Program\MikTex\tex/latex/amsmath\amsgen.sty
File: amsgen.sty 1999/11/30 v2.0 generic functions
\@emptytoks=\toks16
\ex@=\dimen139
)) (G:\Install_Program\MikTex\tex/latex/amsmath\amsbsy.sty
Package: amsbsy 1999/11/29 v1.2d Bold Symbols
\pmbraise@=\dimen140
) (G:\Install_Program\MikTex\tex/latex/amsmath\amsopn.sty
Package: amsopn 2016/03/08 v2.02 operator names
)
\inf@bad=\count191
LaTeX Info: Redefining \frac on input line 234.
\uproot@=\count192
\leftroot@=\count193
LaTeX Info: Redefining \overline on input line 399.
\classnum@=\count194
\DOTSCASE@=\count195
LaTeX Info: Redefining \ldots on input line 496.
LaTeX Info: Redefining \dots on input line 499.
LaTeX Info: Redefining \cdots on input line 620.
\Mathstrutbox@=\box51
\strutbox@=\box52
\big@size=\dimen141
LaTeX Font Info:    Redeclaring font encoding OML on input line 743.
LaTeX Font Info:    Redeclaring font encoding OMS on input line 744.
\macc@depth=\count196
\c@MaxMatrixCols=\count197
\dotsspace@=\muskip16
\c@parentequation=\count198
\dspbrk@lvl=\count199
\tag@help=\toks17
\row@=\count266
\column@=\count267
\maxfields@=\count268
\andhelp@=\toks18
\eqnshift@=\dimen142
\alignsep@=\dimen143
\tagshift@=\dimen144
\tagwidth@=\dimen145
\totwidth@=\dimen146
\lineht@=\dimen147
\@envbody=\toks19
\multlinegap=\skip50
\multlinetaggap=\skip51
\mathdisplay@stack=\toks20
LaTeX Info: Redefining \[ on input line 2923.
LaTeX Info: Redefining \] on input line 2924.
)) (G:\Install_Program\MikTex\tex/latex/setspace\setspace.sty
Package: setspace 2022/12/04 v6.7b set line spacing
) (G:\Install_Program\MikTex\tex/latex/jknappen\mathrsfs.sty
Package: mathrsfs 1996/01/01 Math RSFS package v1.0 (jk)
\symrsfs=\mathgroup4
) (G:\Install_Program\MikTex\tex/latex/amsfonts\amssymb.sty
Package: amssymb 2013/01/14 v3.01 AMS font symbols
 (G:\Install_Program\MikTex\tex/latex/amsfonts\amsfonts.sty
Package: amsfonts 2013/01/14 v3.01 Basic AMSFonts support
\symAMSa=\mathgroup5
\symAMSb=\mathgroup6
LaTeX Font Info:    Redeclaring math symbol \hbar on input line 98.
LaTeX Font Info:    Overwriting math alphabet `\mathfrak' in version `bold'
(Font)                  U/euf/m/n --> U/euf/b/n on input line 106.
)) (G:\Install_Program\MikTex\tex/latex/feynmp-auto\feynmp-auto.sty
Package: feynmp-auto 2013/05/03 v1.1 Automatic processing of feynmp graphics
 (G:\Install_Program\MikTex\tex/latex/feynmf\feynmp.sty
Package: feynmp 1996/12/02 v1.08 LaTeX/MetaPost Feynman Diagram Package (ohl)
 (G:\Install_Program\MikTex\tex/latex/graphics\graphics.sty
Package: graphics 2021/03/04 v1.4d Standard LaTeX Graphics (DPC,SPQR)
 (G:\Install_Program\MikTex\tex/latex/graphics\trig.sty
Package: trig 2016/01/03 v1.10 sin cos tan (DPC)
) (G:\Install_Program\MikTex\tex/latex/graphics-cfg\graphics.cfg
File: graphics.cfg 2016/06/04 v1.11 sample graphics configuration
)
Package graphics Info: Driver file: pdftex.def on input line 107.
 (G:\Install_Program\MikTex\tex/latex/graphics-def\pdftex.def
File: pdftex.def 2020/10/05 v1.2a Graphics/color driver for pdftex
))
\@outfmf=\write3
\fmfbuf@=\toks21
\c@fmfgraph=\count269
) (G:\Install_Program\MikTex\tex/generic/iftex\ifpdf.sty
Package: ifpdf 2019/10/25 v3.4 ifpdf legacy package. Use iftex instead.
 (G:\Install_Program\MikTex\tex/generic/iftex\iftex.sty
Package: iftex 2020/03/06 v1.0d TeX engine tests
)) (G:\Install_Program\MikTex\tex/generic/iftex\ifxetex.sty
Package: ifxetex 2019/10/25 v0.7 ifxetex legacy package. Use iftex instead.
) (G:\Install_Program\MikTex\tex/generic/pdftexcmds\pdftexcmds.sty
Package: pdftexcmds 2020-06-27 v0.33 Utility functions of pdfTeX for LuaTeX (HO)
 (G:\Install_Program\MikTex\tex/generic/infwarerr\infwarerr.sty
Package: infwarerr 2019/12/03 v1.5 Providing info/warning/error messages (HO)
) (G:\Install_Program\MikTex\tex/generic/ltxcmds\ltxcmds.sty
Package: ltxcmds 2020-05-10 v1.25 LaTeX kernel commands for general use (HO)
)
Package pdftexcmds Info: \pdf@primitive is available.
Package pdftexcmds Info: \pdf@ifprimitive is available.
Package pdftexcmds Info: \pdfdraftmode found.
)) (G:\Install_Program\MikTex\tex/latex/tex-gyre\tgtermes.sty
Package: tgtermes 2009/09/27 v1.2 TeX Gyre Termes as default roman family
 (G:\Install_Program\MikTex\tex/latex/kvoptions\kvoptions.sty
Package: kvoptions 2020-10-07 v3.14 Key value format for package options (HO)
 (G:\Install_Program\MikTex\tex/latex/graphics\keyval.sty
Package: keyval 2014/10/28 v1.15 key=value parser (DPC)
\KV@toks@=\toks22
) (G:\Install_Program\MikTex\tex/generic/kvsetkeys\kvsetkeys.sty
Package: kvsetkeys 2019/12/15 v1.18 Key value parser (HO)
))) (G:\Install_Program\MikTex\tex/latex/graphics\graphicx.sty
Package: graphicx 2020/12/05 v1.2c Enhanced LaTeX Graphics (DPC,SPQR)
\Gin@req@height=\dimen148
\Gin@req@width=\dimen149
) (G:\Install_Program\MikTex\tex/latex/booktabs\booktabs.sty
Package: booktabs 2020/01/12 v1.61803398 Publication quality tables
\heavyrulewidth=\dimen150
\lightrulewidth=\dimen151
\cmidrulewidth=\dimen152
\belowrulesep=\dimen153
\belowbottomsep=\dimen154
\aboverulesep=\dimen155
\abovetopsep=\dimen156
\cmidrulesep=\dimen157
\cmidrulekern=\dimen158
\defaultaddspace=\dimen159
\@cmidla=\count270
\@cmidlb=\count271
\@aboverulesep=\dimen160
\@belowrulesep=\dimen161
\@thisruleclass=\count272
\@lastruleclass=\count273
\@thisrulewidth=\dimen162
) (G:\Install_Program\MikTex\tex/latex/tools\array.sty
Package: array 2021/04/20 v2.5e Tabular extension package (FMi)
\col@sep=\dimen163
\ar@mcellbox=\box53
\extrarowheight=\dimen164
\NC@list=\toks23
\extratabsurround=\skip52
\backup@length=\skip53
\ar@cellbox=\box54
) (G:\Install_Program\MikTex\tex/latex/caption\caption.sty
Package: caption 2023/08/05 v3.6o Customizing captions (AR)
 (G:\Install_Program\MikTex\tex/latex/caption\caption3.sty
Package: caption3 2023/07/31 v2.4d caption3 kernel (AR)
\caption@tempdima=\dimen165
\captionmargin=\dimen166
\caption@leftmargin=\dimen167
\caption@rightmargin=\dimen168
\caption@width=\dimen169
\caption@indent=\dimen170
\caption@parindent=\dimen171
\caption@hangindent=\dimen172
Package caption Info: Standard document class detected.
)
\c@caption@flags=\count274
\c@continuedfloat=\count275
) (G:\Install_Program\MikTex\tex/latex/listings\listings.sty
\lst@mode=\count276
\lst@gtempboxa=\box55
\lst@token=\toks24
\lst@length=\count277
\lst@currlwidth=\dimen173
\lst@column=\count278
\lst@pos=\count279
\lst@lostspace=\dimen174
\lst@width=\dimen175
\lst@newlines=\count280
\lst@lineno=\count281
\lst@maxwidth=\dimen176
 (G:\Install_Program\MikTex\tex/latex/listings\lstmisc.sty
File: lstmisc.sty 2020/03/24 1.8d (Carsten Heinz)
\c@lstnumber=\count282
\lst@skipnumbers=\count283
\lst@framebox=\box56
) (G:\Install_Program\MikTex\tex/latex/listings\listings.cfg
File: listings.cfg 2020/03/24 1.8d listings configuration
))
Package: listings 2020/03/24 1.8d (Carsten Heinz)
 (G:\Install_Program\MikTex\tex/latex/xcolor\xcolor.sty
Package: xcolor 2016/05/11 v2.12 LaTeX color extensions (UK)
 (G:\Install_Program\MikTex\tex/latex/graphics-cfg\color.cfg
File: color.cfg 2016/01/02 v1.6 sample color configuration
)
Package xcolor Info: Driver file: pdftex.def on input line 225.
Package xcolor Info: Model `cmy' substituted by `cmy0' on input line 1348.
Package xcolor Info: Model `hsb' substituted by `rgb' on input line 1352.
Package xcolor Info: Model `RGB' extended on input line 1364.
Package xcolor Info: Model `HTML' substituted by `rgb' on input line 1366.
Package xcolor Info: Model `Hsb' substituted by `hsb' on input line 1367.
Package xcolor Info: Model `tHsb' substituted by `hsb' on input line 1368.
Package xcolor Info: Model `HSB' substituted by `hsb' on input line 1369.
Package xcolor Info: Model `Gray' substituted by `gray' on input line 1370.
Package xcolor Info: Model `wave' substituted by `hsb' on input line 1371.
) (G:\Install_Program\MikTex\tex/latex/psnfss\helvet.sty
Package: helvet 2020/03/25 PSNFSS-v9.3 (WaS) 
) (G:\Install_Program\MikTex\tex/latex/float\float.sty
Package: float 2001/11/08 v1.3d Float enhancements (AL)
\c@float@type=\count284
\float@exts=\toks25
\float@box=\box57
\@float@everytoks=\toks26
\@floatcapt=\box58
) (G:\Install_Program\MikTex\tex/latex/geometry\geometry.sty
Package: geometry 2020/01/02 v5.9 Page Geometry
 (G:\Install_Program\MikTex\tex/generic/iftex\ifvtex.sty
Package: ifvtex 2019/10/25 v1.7 ifvtex legacy package. Use iftex instead.
)
\Gm@cnth=\count285
\Gm@cntv=\count286
\c@Gm@tempcnt=\count287
\Gm@bindingoffset=\dimen177
\Gm@wd@mp=\dimen178
\Gm@odd@mp=\dimen179
\Gm@even@mp=\dimen180
\Gm@layoutwidth=\dimen181
\Gm@layoutheight=\dimen182
\Gm@layouthoffset=\dimen183
\Gm@layoutvoffset=\dimen184
\Gm@dimlist=\toks27
 (G:\Install_Program\MikTex\tex/latex/geometry\geometry.cfg))
LaTeX Font Info:    Trying to load font information for OT1+qtm on input line 58.
 (G:\Install_Program\MikTex\tex/latex/tex-gyre\ot1qtm.fd
File: ot1qtm.fd 2009/09/25 v1.2 font definition file for OT1/qtm
) (2024-10-12 Master's Thesis2.aux)
\openout1 = `"2024-10-12 Master's Thesis2.aux"'.

LaTeX Font Info:    Checking defaults for OML/cmm/m/it on input line 58.
LaTeX Font Info:    ... okay on input line 58.
LaTeX Font Info:    Checking defaults for OMS/cmsy/m/n on input line 58.
LaTeX Font Info:    ... okay on input line 58.
LaTeX Font Info:    Checking defaults for OT1/cmr/m/n on input line 58.
LaTeX Font Info:    ... okay on input line 58.
LaTeX Font Info:    Checking defaults for T1/cmr/m/n on input line 58.
LaTeX Font Info:    ... okay on input line 58.
LaTeX Font Info:    Checking defaults for TS1/cmr/m/n on input line 58.
LaTeX Font Info:    ... okay on input line 58.
LaTeX Font Info:    Checking defaults for OMX/cmex/m/n on input line 58.
LaTeX Font Info:    ... okay on input line 58.
LaTeX Font Info:    Checking defaults for U/cmr/m/n on input line 58.
LaTeX Font Info:    ... okay on input line 58.
 (G:\Install_Program\MikTex\tex/context/base/mkii\supp-pdf.mkii
[Loading MPS to PDF converter (version 2006.09.02).]
\scratchcounter=\count288
\scratchdimen=\dimen185
\scratchbox=\box59
\nofMPsegments=\count289
\nofMParguments=\count290
\everyMPshowfont=\toks28
\MPscratchCnt=\count291
\MPscratchDim=\dimen186
\MPnumerator=\count292
\makeMPintoPDFobject=\count293
\everyMPtoPDFconversion=\toks29
) (G:\Install_Program\MikTex\tex/latex/epstopdf-pkg\epstopdf-base.sty
Package: epstopdf-base 2020-01-24 v2.11 Base part for package epstopdf
Package epstopdf-base Info: Redefining graphics rule for `.eps' on input line 485.
 (G:\Install_Program\MikTex\tex/latex/00miktex\epstopdf-sys.cfg
File: epstopdf-sys.cfg 2021/03/18 v2.0 Configuration of epstopdf for MiKTeX
))
Package caption Info: Begin \AtBeginDocument code.
Package caption Info: float package is loaded.
Package caption Info: listings package is loaded.
Package caption Info: End \AtBeginDocument code.
\c@lstlisting=\count294

*geometry* driver: auto-detecting
*geometry* detected driver: pdftex
*geometry* verbose mode - [ preamble ] result:
* driver: pdftex
* paper: a4paper
* layout: <same size as paper>
* layoutoffset:(h,v)=(0.0pt,0.0pt)
* modes: 
* h-part:(L,W,R)=(72.26997pt, 452.96793pt, 72.26997pt)
* v-part:(T,H,B)=(85.35826pt, 687.41861pt, 72.26997pt)
* \paperwidth=597.50787pt
* \paperheight=845.04684pt
* \textwidth=452.96793pt
* \textheight=687.41861pt
* \oddsidemargin=-0.00002pt
* \evensidemargin=-0.00002pt
* \topmargin=-23.91173pt
* \headheight=12.0pt
* \headsep=25.0pt
* \topskip=10.0pt
* \footskip=30.0pt
* \marginparwidth=65.0pt
* \marginparsep=11.0pt
* \columnsep=10.0pt
* \skip\footins=9.0pt plus 4.0pt minus 2.0pt
* \hoffset=0.0pt
* \voffset=0.0pt
* \mag=1000
* \@twocolumnfalse
* \@twosidefalse
* \@mparswitchfalse
* \@reversemarginfalse
* (1in=72.27pt=25.4mm, 1cm=28.453pt)

LaTeX Font Info:    Trying to load font information for U+rsfs on input line 63.
(G:\Install_Program\MikTex\tex/latex/jknappen\ursfs.fd
File: ursfs.fd 1998/03/24 rsfs font definition file (jk)
)
LaTeX Font Info:    Trying to load font information for U+msa on input line 63.
 (G:\Install_Program\MikTex\tex/latex/amsfonts\umsa.fd
File: umsa.fd 2013/01/14 v3.01 AMS symbols A
)
LaTeX Font Info:    Trying to load font information for U+msb on input line 63.
 (G:\Install_Program\MikTex\tex/latex/amsfonts\umsb.fd
File: umsb.fd 2013/01/14 v3.01 AMS symbols B
) [28

{C:/Users/128kbps/AppData/Local/MiKTeX/pdftex/config/pdftex.map}]
<TexFigure/kps_singlebath.png, id=9, 1465.475pt x 803.0pt>
File: TexFigure/kps_singlebath.png Graphic file (type png)
<use TexFigure/kps_singlebath.png>
Package pdftex.def Info: TexFigure/kps_singlebath.png  used on input line 89.
(pdftex.def)             Requested size: 199.16928pt x 109.12323pt.
<TexFigure/bench_single_two.png, id=11, 1606.0pt x 531.9875pt>
File: TexFigure/bench_single_two.png Graphic file (type png)
<use TexFigure/bench_single_two.png>
Package pdftex.def Info: TexFigure/bench_single_two.png  used on input line 93.
(pdftex.def)             Requested size: 426.79134pt x 141.37376pt.
<TexFigure/Multi_bench.png, id=12, 768.471pt x 284.481pt>
File: TexFigure/Multi_bench.png Graphic file (type png)
<use TexFigure/Multi_bench.png>
Package pdftex.def Info: TexFigure/Multi_bench.png  used on input line 102.
(pdftex.def)             Requested size: 426.79134pt x 157.993pt.


e:/Cabinet_Main/Cabinet_Documents/Git/Codes/Tex/Master_Thesis/2024-10-12 Master's Thesis2.tex:106: Package inputenc Error: Unicode character τ (U+03C4)
(inputenc)                not set up for use with LaTeX.

See the inputenc package documentation for explanation.
Type  H <return>  for immediate help.
 ...                                              
                                                  
l.106 ...τ grid used for the calculation is 701.}
                                                  
You may provide a definition with
\DeclareUnicodeCharacter 


e:/Cabinet_Main/Cabinet_Documents/Git/Codes/Tex/Master_Thesis/2024-10-12 Master's Thesis2.tex:106: Package inputenc Error: Unicode character τ (U+03C4)
(inputenc)                not set up for use with LaTeX.

See the inputenc package documentation for explanation.
Type  H <return>  for immediate help.
 ...                                              
                                                  
l.106 ...τ grid used for the calculation is 701.}
                                                  
You may provide a definition with
\DeclareUnicodeCharacter 

[29 <./TexFigure/kps_singlebath.png> <./TexFigure/bench_single_two.png>]

e:/Cabinet_Main/Cabinet_Documents/Git/Codes/Tex/Master_Thesis/2024-10-12 Master's Thesis2.tex:109: Package inputenc Error: Unicode character α (U+03B1)
(inputenc)                not set up for use with LaTeX.

See the inputenc package documentation for explanation.
Type  H <return>  for immediate help.
 ...                                              
                                                  
l.109 ... approximation methods for the case of α
                                                  =0
You may provide a definition with
\DeclareUnicodeCharacter 

<TexFigure/Dens_comp.png, id=23, 706.494pt x 284.7pt>
File: TexFigure/Dens_comp.png Graphic file (type png)
<use TexFigure/Dens_comp.png>
Package pdftex.def Info: TexFigure/Dens_comp.png  used on input line 113.
(pdftex.def)             Requested size: 426.79134pt x 171.98988pt.
[30 <./TexFigure/Multi_bench.png> <./TexFigure/Dens_comp.png>]
<TexFigure/Diff_Ns3_g_b_35.71_41.67_n_15_tauchange (1)-1.png, id=29, 570.2103pt x 469.0323pt>
File: TexFigure/Diff_Ns3_g_b_35.71_41.67_n_15_tauchange (1)-1.png Graphic file (type png)
<use TexFigure/Diff_Ns3_g_b_35.71_41.67_n_15_tauchange (1)-1.png>
Package pdftex.def Info: TexFigure/Diff_Ns3_g_b_35.71_41.67_n_15_tauchange (1)-1.png  used on input line 158.
(pdftex.def)             Requested size: 284.52756pt x 234.04321pt.
<TexFigure/Sizediff.png, id=30, 686.565pt x 284.481pt>
File: TexFigure/Sizediff.png Graphic file (type png)
<use TexFigure/Sizediff.png>
Package pdftex.def Info: TexFigure/Sizediff.png  used on input line 167.
(pdftex.def)             Requested size: 426.79134pt x 176.84085pt.
 [31 <./TexFigure/Diff_Ns3_g_b_35.71_41.67_n_15_tauchange (1)-1.png>] [32 <./TexFigure/Sizediff.png>]

e:/Cabinet_Main/Cabinet_Documents/Git/Codes/Tex/Master_Thesis/2024-10-12 Master's Thesis2.tex:174: Package inputenc Error: Unicode character − (U+2212)
(inputenc)                not set up for use with LaTeX.

See the inputenc package documentation for explanation.
Type  H <return>  for immediate help.
 ...                                              
                                                  
l.174 ...agonal elements of $\cos\phi \cdot e^{−
                                                  βH_{loc}}$ for $\alpha=$ ...
You may provide a definition with
\DeclareUnicodeCharacter 


e:/Cabinet_Main/Cabinet_Documents/Git/Codes/Tex/Master_Thesis/2024-10-12 Master's Thesis2.tex:174: Package inputenc Error: Unicode character β (U+03B2)
(inputenc)                not set up for use with LaTeX.

See the inputenc package documentation for explanation.
Type  H <return>  for immediate help.
 ...                                              
                                                  
l.174 ...onal elements of $\cos\phi \cdot e^{−β
                                                  H_{loc}}$ for $\alpha=$ 0,...
You may provide a definition with
\DeclareUnicodeCharacter 

<TexFigure/Expec_alp_0.1 (1).png, id=39, 2505.36pt x 1877.0125pt>
File: TexFigure/Expec_alp_0.1 (1).png Graphic file (type png)
<use TexFigure/Expec_alp_0.1 (1).png>
Package pdftex.def Info: TexFigure/Expec_alp_0.1 (1).png  used on input line 180.
(pdftex.def)             Requested size: 284.52756pt x 213.14534pt.
<TexFigure/Order_color.png, id=40, 819.936pt x 284.481pt>
File: TexFigure/Order_color.png Graphic file (type png)
<use TexFigure/Order_color.png>
Package pdftex.def Info: TexFigure/Order_color.png  used on input line 184.
(pdftex.def)             Requested size: 455.24408pt x 157.95393pt.
<TexFigure/Matele_Ns3_alp0.png, id=41, 5600.925pt x 1594.95876pt>
File: TexFigure/Matele_Ns3_alp0.png Graphic file (type png)
<use TexFigure/Matele_Ns3_alp0.png>
Package pdftex.def Info: TexFigure/Matele_Ns3_alp0.png  used on input line 189.
(pdftex.def)             Requested size: 483.69684pt x 137.72353pt.
<TexFigure/Matele_Ns3_alp0_1.png, id=42, 5600.925pt x 1544.77126pt>
File: TexFigure/Matele_Ns3_alp0_1.png Graphic file (type png)
<use TexFigure/Matele_Ns3_alp0_1.png>
Package pdftex.def Info: TexFigure/Matele_Ns3_alp0_1.png  used on input line 190.
(pdftex.def)             Requested size: 483.69684pt x 133.38988pt.
<TexFigure/Matele_Ns3_alp1.png, id=43, 5600.925pt x 1544.77126pt>
File: TexFigure/Matele_Ns3_alp1.png Graphic file (type png)
<use TexFigure/Matele_Ns3_alp1.png>
Package pdftex.def Info: TexFigure/Matele_Ns3_alp1.png  used on input line 191.
(pdftex.def)             Requested size: 483.69684pt x 133.38988pt.
[33 <./TexFigure/Expec_alp_0.1 (1).png> <./TexFigure/Order_color.png>]
<TexFigure/3dplot_Ns3_proj_n (2).png, id=52, 3256.165pt x 2607.7425pt>
File: TexFigure/3dplot_Ns3_proj_n (2).png Graphic file (type png)
<use TexFigure/3dplot_Ns3_proj_n (2).png>
Package pdftex.def Info: TexFigure/3dplot_Ns3_proj_n (2).png  used on input line 200.
(pdftex.def)             Requested size: 341.43306pt x 273.40324pt.
<TexFigure/3dplot_COMP3_proj_n (2).png, id=53, 3256.165pt x 2607.7425pt>
File: TexFigure/3dplot_COMP3_proj_n (2).png Graphic file (type png)
<use TexFigure/3dplot_COMP3_proj_n (2).png>
Package pdftex.def Info: TexFigure/3dplot_COMP3_proj_n (2).png  used on input line 201.
(pdftex.def)             Requested size: 341.43306pt x 273.40324pt.
<TexFigure/3dplot_Ns3_proj_n (0).png, id=54, 2972.10374pt x 2972.10374pt>
File: TexFigure/3dplot_Ns3_proj_n (0).png Graphic file (type png)
<use TexFigure/3dplot_Ns3_proj_n (0).png>
Package pdftex.def Info: TexFigure/3dplot_Ns3_proj_n (0).png  used on input line 205.
(pdftex.def)             Requested size: 398.33858pt x 398.31425pt.
<TexFigure/swap_fig.png, id=55, 776.793pt x 298.716pt>
File: TexFigure/swap_fig.png Graphic file (type png)
<use TexFigure/swap_fig.png>
Package pdftex.def Info: TexFigure/swap_fig.png  used on input line 209.
(pdftex.def)             Requested size: 426.79134pt x 164.1211pt.
 [34 <./TexFigure/Matele_Ns3_alp0.png> <./TexFigure/Matele_Ns3_alp0_1.png> <./TexFigure/Matele_Ns3_alp1.png>] [35 <./TexFigure/3dplot_Ns3_proj_n (2).png> <./TexFigure/3dplot_COMP3_proj_n (2).png>] [36 <./TexFigure/3dplot_Ns3_proj_n (0).png> <./TexFigure/swap_fig.png>]
<TexFigure/chi_gam_swp.png, id=73, 794.313pt x 199.071pt>
File: TexFigure/chi_gam_swp.png Graphic file (type png)
<use TexFigure/chi_gam_swp.png>
Package pdftex.def Info: TexFigure/chi_gam_swp.png  used on input line 226.
(pdftex.def)             Requested size: 455.24408pt x 114.09737pt.
<TexFigure/chi_alp_swp.png, id=74, 792.123pt x 199.29pt>
File: TexFigure/chi_alp_swp.png Graphic file (type png)
<use TexFigure/chi_alp_swp.png>
Package pdftex.def Info: TexFigure/chi_alp_swp.png  used on input line 227.
(pdftex.def)             Requested size: 455.24408pt x 114.5361pt.
 [37 <./TexFigure/chi_gam_swp.png> <./TexFigure/chi_alp_swp.png>]
<TexFigure/chi_color.png, id=81, 987.033pt x 341.421pt>
File: TexFigure/chi_color.png Graphic file (type png)
<use TexFigure/chi_color.png>
Package pdftex.def Info: TexFigure/chi_color.png  used on input line 237.
(pdftex.def)             Requested size: 455.24408pt x 157.47232pt.
 [38 <./TexFigure/chi_color.png>]

e:/Cabinet_Main/Cabinet_Documents/Git/Codes/Tex/Master_Thesis/2024-10-12 Master's Thesis2.tex:249: Package inputenc Error: Unicode character τ (U+03C4)
(inputenc)                not set up for use with LaTeX.

See the inputenc package documentation for explanation.
Type  H <return>  for immediate help.
 ...                                              
                                                  
l.249 ...t should be noted that the size of the τ
                                                   grid was reduced for fast...
You may provide a definition with
\DeclareUnicodeCharacter 


e:/Cabinet_Main/Cabinet_Documents/Git/Codes/Tex/Master_Thesis/2024-10-12 Master's Thesis2.tex:285: Package inputenc Error: Unicode character β (U+03B2)
(inputenc)                not set up for use with LaTeX.

See the inputenc package documentation for explanation.
Type  H <return>  for immediate help.
 ...                                              
                                                  
l.285 ...the line corresponds to each different β
                                                   value.
You may provide a definition with
\DeclareUnicodeCharacter 

<TexFigure/output.png, id=86, 500.1084pt x 446.6286pt>
File: TexFigure/output.png Graphic file (type png)
<use TexFigure/output.png>
Package pdftex.def Info: TexFigure/output.png  used on input line 291.
(pdftex.def)             Requested size: 341.43306pt x 304.92331pt.
[39]
<TexFigure/NCA_crit-7.pdf, id=90, 497.21759pt x 448.79669pt>
File: TexFigure/NCA_crit-7.pdf Graphic file (type pdf)
<use TexFigure/NCA_crit-7.pdf>
Package pdftex.def Info: TexFigure/NCA_crit-7.pdf  used on input line 298.
(pdftex.def)             Requested size: 341.43306pt x 308.1977pt.
<TexFigure/OCA_crit-7.pdf, id=91, 497.21759pt x 448.79669pt>
File: TexFigure/OCA_crit-7.pdf Graphic file (type pdf)
<use TexFigure/OCA_crit-7.pdf>
Package pdftex.def Info: TexFigure/OCA_crit-7.pdf  used on input line 299.
(pdftex.def)             Requested size: 341.43306pt x 308.1977pt.
 [40 <./TexFigure/output.png>] [41 <./TexFigure/NCA_crit-7.pdf> <./TexFigure/OCA_crit-7.pdf>] (2024-10-12 Master's Thesis2.aux) ) 
Here is how much of TeX's memory you used:
 7765 strings out of 478927
 115853 string characters out of 2861478
 424713 words of memory out of 3000000
 25487 multiletter control sequences out of 15000+600000
 430512 words of font info for 66 fonts, out of 8000000 for 9000
 1141 hyphenation exceptions out of 8191
 71i,10n,81p,640b,450s stack positions out of 5000i,500n,10000p,200000b,80000s
{G:/Install_Program/MikTex/fonts/enc/dvips/tex-gyre/q-rm.enc}<G:/Install_Program/MikTex/fonts/type1/public/amsfonts/cm/cmmi10.pfb><G:/Install_Program/MikTex/fonts/type1/public/amsfonts/cm/cmmi12.pfb><G:/Install_Program/MikTex/fonts/type1/public/amsfonts/cm/cmmi5.pfb><G:/Install_Program/MikTex/fonts/type1/public/amsfonts/cm/cmmi6.pfb><G:/Install_Program/MikTex/fonts/type1/public/amsfonts/cm/cmmi7.pfb><G:/Install_Program/MikTex/fonts/type1/public/amsfonts/cm/cmmi8.pfb><G:/Install_Program/MikTex/fonts/type1/public/amsfonts/cm/cmr10.pfb><G:/Install_Program/MikTex/fonts/type1/public/amsfonts/cm/cmr6.pfb><G:/Install_Program/MikTex/fonts/type1/public/amsfonts/cm/cmr8.pfb><G:/Install_Program/MikTex/fonts/type1/public/amsfonts/cm/cmsy10.pfb><G:/Install_Program/MikTex/fonts/type1/public/amsfonts/cm/cmsy8.pfb><G:/Install_Program/MikTex/fonts/type1/public/tex-gyre/qtmb.pfb><G:/Install_Program/MikTex/fonts/type1/public/tex-gyre/qtmr.pfb>
Output written on "2024-10-12 Master's Thesis2.pdf" (14 pages, 10425982 bytes).
PDF statistics:
 163 PDF objects out of 1000 (max. 8388607)
 0 named destinations out of 1000 (max. 500000)
 106 words of extra memory for PDF output out of 10000 (max. 10000000)

