This is pdfTeX, Version 3.141592653-2.6-1.40.23 (MiKTeX 21.8) (preloaded format=pdflatex 2021.9.15)  23 DEC 2024 14:45
entering extended mode
**e:/Cabinet_Main/Cabinet_Documents/Git/Codes/Tex/Master_Thesis/thesis_rev_0.tex
(e:/Cabinet_Main/Cabinet_Documents/Git/Codes/Tex/Master_Thesis/thesis_rev_0.tex
LaTeX2e <2021-06-01> patch level 1
L3 programming layer <2021-08-27> (G:\Install_Program\MikTex\tex/latex/base\article.cls
Document Class: article 2021/02/12 v1.4n Standard LaTeX document class
(G:\Install_Program\MikTex\tex/latex/base\size10.clo
File: size10.clo 2021/02/12 v1.4n Standard LaTeX file (size option)
)
\c@part=\count182
\c@section=\count183
\c@subsection=\count184
\c@subsubsection=\count185
\c@paragraph=\count186
\c@subparagraph=\count187
\c@figure=\count188
\c@table=\count189
\abovecaptionskip=\skip47
\belowcaptionskip=\skip48
\bibindent=\dimen138
) (G:\Install_Program\MikTex\tex/latex/physics\physics.sty
Package: physics 
 (G:\Install_Program\MikTex\tex/latex/l3packages/xparse\xparse.sty (G:\Install_Program\MikTex\tex/latex/l3kernel\expl3.sty
Package: expl3 2021-08-27 L3 programming layer (loader) 
 (G:\Install_Program\MikTex\tex/latex/l3backend\l3backend-pdftex.def
File: l3backend-pdftex.def 2021-08-04 L3 backend support: PDF output (pdfTeX)
\l__color_backend_stack_int=\count190
\l__pdf_internal_box=\box50
))
Package: xparse 2021-08-27 L3 Experimental document command parser
) (G:\Install_Program\MikTex\tex/latex/amsmath\amsmath.sty
Package: amsmath 2021/04/20 v2.17j AMS math features
\@mathmargin=\skip49

For additional information on amsmath, use the `?' option.
(G:\Install_Program\MikTex\tex/latex/amsmath\amstext.sty
Package: amstext 2000/06/29 v2.01 AMS text
 (G:\Install_Program\MikTex\tex/latex/amsmath\amsgen.sty
File: amsgen.sty 1999/11/30 v2.0 generic functions
\@emptytoks=\toks16
\ex@=\dimen139
)) (G:\Install_Program\MikTex\tex/latex/amsmath\amsbsy.sty
Package: amsbsy 1999/11/29 v1.2d Bold Symbols
\pmbraise@=\dimen140
) (G:\Install_Program\MikTex\tex/latex/amsmath\amsopn.sty
Package: amsopn 2016/03/08 v2.02 operator names
)
\inf@bad=\count191
LaTeX Info: Redefining \frac on input line 234.
\uproot@=\count192
\leftroot@=\count193
LaTeX Info: Redefining \overline on input line 399.
\classnum@=\count194
\DOTSCASE@=\count195
LaTeX Info: Redefining \ldots on input line 496.
LaTeX Info: Redefining \dots on input line 499.
LaTeX Info: Redefining \cdots on input line 620.
\Mathstrutbox@=\box51
\strutbox@=\box52
\big@size=\dimen141
LaTeX Font Info:    Redeclaring font encoding OML on input line 743.
LaTeX Font Info:    Redeclaring font encoding OMS on input line 744.
\macc@depth=\count196
\c@MaxMatrixCols=\count197
\dotsspace@=\muskip16
\c@parentequation=\count198
\dspbrk@lvl=\count199
\tag@help=\toks17
\row@=\count266
\column@=\count267
\maxfields@=\count268
\andhelp@=\toks18
\eqnshift@=\dimen142
\alignsep@=\dimen143
\tagshift@=\dimen144
\tagwidth@=\dimen145
\totwidth@=\dimen146
\lineht@=\dimen147
\@envbody=\toks19
\multlinegap=\skip50
\multlinetaggap=\skip51
\mathdisplay@stack=\toks20
LaTeX Info: Redefining \[ on input line 2923.
LaTeX Info: Redefining \] on input line 2924.
)) (G:\Install_Program\MikTex\tex/latex/setspace\setspace.sty
Package: setspace 2022/12/04 v6.7b set line spacing
) (G:\Install_Program\MikTex\tex/latex/jknappen\mathrsfs.sty
Package: mathrsfs 1996/01/01 Math RSFS package v1.0 (jk)
\symrsfs=\mathgroup4
) (G:\Install_Program\MikTex\tex/latex/amsfonts\amssymb.sty
Package: amssymb 2013/01/14 v3.01 AMS font symbols
 (G:\Install_Program\MikTex\tex/latex/amsfonts\amsfonts.sty
Package: amsfonts 2013/01/14 v3.01 Basic AMSFonts support
\symAMSa=\mathgroup5
\symAMSb=\mathgroup6
LaTeX Font Info:    Redeclaring math symbol \hbar on input line 98.
LaTeX Font Info:    Overwriting math alphabet `\mathfrak' in version `bold'
(Font)                  U/euf/m/n --> U/euf/b/n on input line 106.
)) (G:\Install_Program\MikTex\tex/latex/feynmp-auto\feynmp-auto.sty
Package: feynmp-auto 2013/05/03 v1.1 Automatic processing of feynmp graphics
 (G:\Install_Program\MikTex\tex/latex/feynmf\feynmp.sty
Package: feynmp 1996/12/02 v1.08 LaTeX/MetaPost Feynman Diagram Package (ohl)
 (G:\Install_Program\MikTex\tex/latex/graphics\graphics.sty
Package: graphics 2021/03/04 v1.4d Standard LaTeX Graphics (DPC,SPQR)
 (G:\Install_Program\MikTex\tex/latex/graphics\trig.sty
Package: trig 2016/01/03 v1.10 sin cos tan (DPC)
) (G:\Install_Program\MikTex\tex/latex/graphics-cfg\graphics.cfg
File: graphics.cfg 2016/06/04 v1.11 sample graphics configuration
)
Package graphics Info: Driver file: pdftex.def on input line 107.
 (G:\Install_Program\MikTex\tex/latex/graphics-def\pdftex.def
File: pdftex.def 2020/10/05 v1.2a Graphics/color driver for pdftex
))
\@outfmf=\write3
\fmfbuf@=\toks21
\c@fmfgraph=\count269
) (G:\Install_Program\MikTex\tex/generic/iftex\ifpdf.sty
Package: ifpdf 2019/10/25 v3.4 ifpdf legacy package. Use iftex instead.
 (G:\Install_Program\MikTex\tex/generic/iftex\iftex.sty
Package: iftex 2020/03/06 v1.0d TeX engine tests
)) (G:\Install_Program\MikTex\tex/generic/iftex\ifxetex.sty
Package: ifxetex 2019/10/25 v0.7 ifxetex legacy package. Use iftex instead.
) (G:\Install_Program\MikTex\tex/generic/pdftexcmds\pdftexcmds.sty
Package: pdftexcmds 2020-06-27 v0.33 Utility functions of pdfTeX for LuaTeX (HO)
 (G:\Install_Program\MikTex\tex/generic/infwarerr\infwarerr.sty
Package: infwarerr 2019/12/03 v1.5 Providing info/warning/error messages (HO)
) (G:\Install_Program\MikTex\tex/generic/ltxcmds\ltxcmds.sty
Package: ltxcmds 2020-05-10 v1.25 LaTeX kernel commands for general use (HO)
)
Package pdftexcmds Info: \pdf@primitive is available.
Package pdftexcmds Info: \pdf@ifprimitive is available.
Package pdftexcmds Info: \pdfdraftmode found.
)) (G:\Install_Program\MikTex\tex/latex/tex-gyre\tgtermes.sty
Package: tgtermes 2009/09/27 v1.2 TeX Gyre Termes as default roman family
 (G:\Install_Program\MikTex\tex/latex/kvoptions\kvoptions.sty
Package: kvoptions 2020-10-07 v3.14 Key value format for package options (HO)
 (G:\Install_Program\MikTex\tex/latex/graphics\keyval.sty
Package: keyval 2014/10/28 v1.15 key=value parser (DPC)
\KV@toks@=\toks22
) (G:\Install_Program\MikTex\tex/generic/kvsetkeys\kvsetkeys.sty
Package: kvsetkeys 2019/12/15 v1.18 Key value parser (HO)
))) (G:\Install_Program\MikTex\tex/latex/graphics\graphicx.sty
Package: graphicx 2020/12/05 v1.2c Enhanced LaTeX Graphics (DPC,SPQR)
\Gin@req@height=\dimen148
\Gin@req@width=\dimen149
) (G:\Install_Program\MikTex\tex/latex/booktabs\booktabs.sty
Package: booktabs 2020/01/12 v1.61803398 Publication quality tables
\heavyrulewidth=\dimen150
\lightrulewidth=\dimen151
\cmidrulewidth=\dimen152
\belowrulesep=\dimen153
\belowbottomsep=\dimen154
\aboverulesep=\dimen155
\abovetopsep=\dimen156
\cmidrulesep=\dimen157
\cmidrulekern=\dimen158
\defaultaddspace=\dimen159
\@cmidla=\count270
\@cmidlb=\count271
\@aboverulesep=\dimen160
\@belowrulesep=\dimen161
\@thisruleclass=\count272
\@lastruleclass=\count273
\@thisrulewidth=\dimen162
) (G:\Install_Program\MikTex\tex/latex/tools\array.sty
Package: array 2021/04/20 v2.5e Tabular extension package (FMi)
\col@sep=\dimen163
\ar@mcellbox=\box53
\extrarowheight=\dimen164
\NC@list=\toks23
\extratabsurround=\skip52
\backup@length=\skip53
\ar@cellbox=\box54
) (G:\Install_Program\MikTex\tex/latex/caption\caption.sty
Package: caption 2023/08/05 v3.6o Customizing captions (AR)
 (G:\Install_Program\MikTex\tex/latex/caption\caption3.sty
Package: caption3 2023/07/31 v2.4d caption3 kernel (AR)
\caption@tempdima=\dimen165
\captionmargin=\dimen166
\caption@leftmargin=\dimen167
\caption@rightmargin=\dimen168
\caption@width=\dimen169
\caption@indent=\dimen170
\caption@parindent=\dimen171
\caption@hangindent=\dimen172
Package caption Info: Standard document class detected.
)
\c@caption@flags=\count274
\c@continuedfloat=\count275
) (G:\Install_Program\MikTex\tex/latex/listings\listings.sty
\lst@mode=\count276
\lst@gtempboxa=\box55
\lst@token=\toks24
\lst@length=\count277
\lst@currlwidth=\dimen173
\lst@column=\count278
\lst@pos=\count279
\lst@lostspace=\dimen174
\lst@width=\dimen175
\lst@newlines=\count280
\lst@lineno=\count281
\lst@maxwidth=\dimen176
 (G:\Install_Program\MikTex\tex/latex/listings\lstmisc.sty
File: lstmisc.sty 2020/03/24 1.8d (Carsten Heinz)
\c@lstnumber=\count282
\lst@skipnumbers=\count283
\lst@framebox=\box56
) (G:\Install_Program\MikTex\tex/latex/listings\listings.cfg
File: listings.cfg 2020/03/24 1.8d listings configuration
))
Package: listings 2020/03/24 1.8d (Carsten Heinz)
 (G:\Install_Program\MikTex\tex/latex/xcolor\xcolor.sty
Package: xcolor 2016/05/11 v2.12 LaTeX color extensions (UK)
 (G:\Install_Program\MikTex\tex/latex/graphics-cfg\color.cfg
File: color.cfg 2016/01/02 v1.6 sample color configuration
)
Package xcolor Info: Driver file: pdftex.def on input line 225.
Package xcolor Info: Model `cmy' substituted by `cmy0' on input line 1348.
Package xcolor Info: Model `hsb' substituted by `rgb' on input line 1352.
Package xcolor Info: Model `RGB' extended on input line 1364.
Package xcolor Info: Model `HTML' substituted by `rgb' on input line 1366.
Package xcolor Info: Model `Hsb' substituted by `hsb' on input line 1367.
Package xcolor Info: Model `tHsb' substituted by `hsb' on input line 1368.
Package xcolor Info: Model `HSB' substituted by `hsb' on input line 1369.
Package xcolor Info: Model `Gray' substituted by `gray' on input line 1370.
Package xcolor Info: Model `wave' substituted by `hsb' on input line 1371.
) (G:\Install_Program\MikTex\tex/latex/psnfss\helvet.sty
Package: helvet 2020/03/25 PSNFSS-v9.3 (WaS) 
) (G:\Install_Program\MikTex\tex/latex/float\float.sty
Package: float 2001/11/08 v1.3d Float enhancements (AL)
\c@float@type=\count284
\float@exts=\toks25
\float@box=\box57
\@float@everytoks=\toks26
\@floatcapt=\box58
)
\bibdata{Master_Thesis}
(thesis_rev_0.bbl) (G:\Install_Program\MikTex\tex/latex/geometry\geometry.sty
Package: geometry 2020/01/02 v5.9 Page Geometry
 (G:\Install_Program\MikTex\tex/generic/iftex\ifvtex.sty
Package: ifvtex 2019/10/25 v1.7 ifvtex legacy package. Use iftex instead.
)
\Gm@cnth=\count285
\Gm@cntv=\count286
\c@Gm@tempcnt=\count287
\Gm@bindingoffset=\dimen177
\Gm@wd@mp=\dimen178
\Gm@odd@mp=\dimen179
\Gm@even@mp=\dimen180
\Gm@layoutwidth=\dimen181
\Gm@layoutheight=\dimen182
\Gm@layouthoffset=\dimen183
\Gm@layoutvoffset=\dimen184
\Gm@dimlist=\toks27
 (G:\Install_Program\MikTex\tex/latex/geometry\geometry.cfg))
LaTeX Font Info:    Trying to load font information for OT1+qtm on input line 55.
 (G:\Install_Program\MikTex\tex/latex/tex-gyre\ot1qtm.fd
File: ot1qtm.fd 2009/09/25 v1.2 font definition file for OT1/qtm
)
No file thesis_rev_0.aux.
\openout1 = `thesis_rev_0.aux'.

LaTeX Font Info:    Checking defaults for OML/cmm/m/it on input line 55.
LaTeX Font Info:    ... okay on input line 55.
LaTeX Font Info:    Checking defaults for OMS/cmsy/m/n on input line 55.
LaTeX Font Info:    ... okay on input line 55.
LaTeX Font Info:    Checking defaults for OT1/cmr/m/n on input line 55.
LaTeX Font Info:    ... okay on input line 55.
LaTeX Font Info:    Checking defaults for T1/cmr/m/n on input line 55.
LaTeX Font Info:    ... okay on input line 55.
LaTeX Font Info:    Checking defaults for TS1/cmr/m/n on input line 55.
LaTeX Font Info:    ... okay on input line 55.
LaTeX Font Info:    Checking defaults for OMX/cmex/m/n on input line 55.
LaTeX Font Info:    ... okay on input line 55.
LaTeX Font Info:    Checking defaults for U/cmr/m/n on input line 55.
LaTeX Font Info:    ... okay on input line 55.
(G:\Install_Program\MikTex\tex/context/base/mkii\supp-pdf.mkii
[Loading MPS to PDF converter (version 2006.09.02).]
\scratchcounter=\count288
\scratchdimen=\dimen185
\scratchbox=\box59
\nofMPsegments=\count289
\nofMParguments=\count290
\everyMPshowfont=\toks28
\MPscratchCnt=\count291
\MPscratchDim=\dimen186
\MPnumerator=\count292
\makeMPintoPDFobject=\count293
\everyMPtoPDFconversion=\toks29
) (G:\Install_Program\MikTex\tex/latex/epstopdf-pkg\epstopdf-base.sty
Package: epstopdf-base 2020-01-24 v2.11 Base part for package epstopdf
Package epstopdf-base Info: Redefining graphics rule for `.eps' on input line 485.
 (G:\Install_Program\MikTex\tex/latex/00miktex\epstopdf-sys.cfg
File: epstopdf-sys.cfg 2021/03/18 v2.0 Configuration of epstopdf for MiKTeX
))
Package caption Info: Begin \AtBeginDocument code.
Package caption Info: float package is loaded.
Package caption Info: listings package is loaded.
Package caption Info: End \AtBeginDocument code.
\c@lstlisting=\count294

*geometry* driver: auto-detecting
*geometry* detected driver: pdftex
*geometry* verbose mode - [ preamble ] result:
* driver: pdftex
* paper: a4paper
* layout: <same size as paper>
* layoutoffset:(h,v)=(0.0pt,0.0pt)
* modes: 
* h-part:(L,W,R)=(72.26997pt, 452.96793pt, 72.26997pt)
* v-part:(T,H,B)=(85.35826pt, 687.41861pt, 72.26997pt)
* \paperwidth=597.50787pt
* \paperheight=845.04684pt
* \textwidth=452.96793pt
* \textheight=687.41861pt
* \oddsidemargin=-0.00002pt
* \evensidemargin=-0.00002pt
* \topmargin=-23.91173pt
* \headheight=12.0pt
* \headsep=25.0pt
* \topskip=10.0pt
* \footskip=30.0pt
* \marginparwidth=65.0pt
* \marginparsep=11.0pt
* \columnsep=10.0pt
* \skip\footins=9.0pt plus 4.0pt minus 2.0pt
* \hoffset=0.0pt
* \voffset=0.0pt
* \mag=1000
* \@twocolumnfalse
* \@twosidefalse
* \@mparswitchfalse
* \@reversemarginfalse
* (1in=72.27pt=25.4mm, 1cm=28.453pt)

<TexFigure/Junction_RE.png, id=1, 1003.75pt x 1003.75pt>
File: TexFigure/Junction_RE.png Graphic file (type png)
<use TexFigure/Junction_RE.png>
Package pdftex.def Info: TexFigure/Junction_RE.png  used on input line 81.
(pdftex.def)             Requested size: 284.52756pt x 284.52481pt.
<TexFigure/kps_INT_exp.PNG, id=3, 311.66437pt x 317.68687pt>
File: TexFigure/kps_INT_exp.PNG Graphic file (type png)
<use TexFigure/kps_INT_exp.PNG>
Package pdftex.def Info: TexFigure/kps_INT_exp.PNG  used on input line 87.
(pdftex.def)             Requested size: 170.71652pt x 174.01572pt.
[1

{C:/Users/128kbps/AppData/Local/MiKTeX/pdftex/config/pdftex.map}] [2 <./TexFigure/Junction_RE.png> <./TexFigure/kps_INT_exp.PNG>]
LaTeX Font Info:    Trying to load font information for U+rsfs on input line 98.
 (G:\Install_Program\MikTex\tex/latex/jknappen\ursfs.fd
File: ursfs.fd 1998/03/24 rsfs font definition file (jk)
)
LaTeX Font Info:    Trying to load font information for U+msa on input line 98.
 (G:\Install_Program\MikTex\tex/latex/amsfonts\umsa.fd
File: umsa.fd 2013/01/14 v3.01 AMS symbols A
)
LaTeX Font Info:    Trying to load font information for U+msb on input line 98.
 (G:\Install_Program\MikTex\tex/latex/amsfonts\umsb.fd
File: umsb.fd 2013/01/14 v3.01 AMS symbols B
) [3]
<TexFigure/circuit_supp_ashida.PNG, id=27, 403.5075pt x 123.46124pt>
File: TexFigure/circuit_supp_ashida.PNG Graphic file (type png)
<use TexFigure/circuit_supp_ashida.PNG>
Package pdftex.def Info: TexFigure/circuit_supp_ashida.PNG  used on input line 137.
(pdftex.def)             Requested size: 341.43306pt x 104.46968pt.
 [4 <./TexFigure/circuit_supp_ashida.PNG>] [5] [6] [7]
Underfull \hbox (badness 10000) in paragraph at lines 344--346

 []

[8]
Overfull \hbox (13.41595pt too wide) detected at line 390
[]
 []

[9]
<TexFigure/Diagram_arrow.PNG, id=52, 1726.19907pt x 189.70876pt>
File: TexFigure/Diagram_arrow.PNG Graphic file (type png)
<use TexFigure/Diagram_arrow.PNG>
Package pdftex.def Info: TexFigure/Diagram_arrow.PNG  used on input line 418.
(pdftex.def)             Requested size: 312.9803pt x 34.39503pt.
 [10 <./TexFigure/Diagram_arrow.PNG>]
<TexFigure/Dyson_eq.PNG, id=58, 1608.0075pt x 240.14719pt>
File: TexFigure/Dyson_eq.PNG Graphic file (type png)
<use TexFigure/Dyson_eq.PNG>
Package pdftex.def Info: TexFigure/Dyson_eq.PNG  used on input line 496.
(pdftex.def)             Requested size: 369.88582pt x 55.24pt.
 [11 <./TexFigure/Dyson_eq.PNG>]
<TexFigure/Tmat_diagram.png, id=63, 835.047pt x 280.539pt>
File: TexFigure/Tmat_diagram.png Graphic file (type png)
<use TexFigure/Tmat_diagram.png>
Package pdftex.def Info: TexFigure/Tmat_diagram.png  used on input line 515.
(pdftex.def)             Requested size: 341.43306pt x 114.70496pt.
<TexFigure/Chi_with_Tmat.png, id=64, 856.728pt x 104.682pt>
File: TexFigure/Chi_with_Tmat.png Graphic file (type png)
<use TexFigure/Chi_with_Tmat.png>
Package pdftex.def Info: TexFigure/Chi_with_Tmat.png  used on input line 516.
(pdftex.def)             Requested size: 341.43306pt x 41.7187pt.
 [12 <./TexFigure/Tmat_diagram.png> <./TexFigure/Chi_with_Tmat.png>] [13] [14] [15]
Overfull \hbox (21.12227pt too wide) detected at line 682
[]
 []


e:/Cabinet_Main/Cabinet_Documents/Git/Codes/Tex/Master_Thesis/thesis_rev_0.tex:691: Package inputenc Error: Unicode character λ (U+03BB)
(inputenc)                not set up for use with LaTeX.

See the inputenc package documentation for explanation.
Type  H <return>  for immediate help.
 ...                                              
                                                  
l.691 duced an operator λ
                          1 defined as follows:
You may provide a definition with
\DeclareUnicodeCharacter 

[16]
<TexFigure/NCA_self.PNG, id=83, 764.529pt x 411.501pt>
File: TexFigure/NCA_self.PNG Graphic file (type png)
<use TexFigure/NCA_self.PNG>
Package pdftex.def Info: TexFigure/NCA_self.PNG  used on input line 713.
(pdftex.def)             Requested size: 199.16928pt x 107.20122pt.
<TexFigure/OCA_self.PNG, id=84, 1006.305pt x 449.169pt>
File: TexFigure/OCA_self.PNG Graphic file (type png)
<use TexFigure/OCA_self.PNG>
Package pdftex.def Info: TexFigure/OCA_self.PNG  used on input line 714.
(pdftex.def)             Requested size: 312.9803pt x 139.70015pt.
 [17]
<TexFigure/TOA_se.png, id=88, 927.246pt x 280.539pt>
File: TexFigure/TOA_se.png Graphic file (type png)
<use TexFigure/TOA_se.png>
Package pdftex.def Info: TexFigure/TOA_se.png  used on input line 718.
(pdftex.def)             Requested size: 312.9803pt x 94.6928pt.
<TexFigure/TOA_tmat.png, id=89, 850.596pt x 449.169pt>
File: TexFigure/TOA_tmat.png Graphic file (type png)
<use TexFigure/TOA_tmat.png>
Package pdftex.def Info: TexFigure/TOA_tmat.png  used on input line 719.
(pdftex.def)             Requested size: 312.9803pt x 165.27151pt.
 [18 <./TexFigure/NCA_self.PNG> <./TexFigure/OCA_self.PNG> <./TexFigure/TOA_se.png> <./TexFigure/TOA_tmat.png>] (thesis_rev_0.aux)

LaTeX Warning: Label(s) may have changed. Rerun to get cross-references right.

 ) 
Here is how much of TeX's memory you used:
 7676 strings out of 478927
 112884 string characters out of 2861478
 444744 words of memory out of 3000000
 25413 multiletter control sequences out of 15000+600000
 439449 words of font info for 50 fonts, out of 8000000 for 9000
 1141 hyphenation exceptions out of 8191
 71i,24n,81p,434b,452s stack positions out of 5000i,500n,10000p,200000b,80000s
{G:/Install_Program/MikTex/fonts/enc/dvips/tex-gyre/q-rm.enc}<G:/Install_Program/MikTex/fonts/type1/public/amsfonts/cm/cmex10.pfb><G:/Install_Program/MikTex/fonts/type1/public/amsfonts/cmextra/cmex7.pfb><G:/Install_Program/MikTex/fonts/type1/public/amsfonts/cm/cmmi10.pfb><G:/Install_Program/MikTex/fonts/type1/public/amsfonts/cm/cmmi5.pfb><G:/Install_Program/MikTex/fonts/type1/public/amsfonts/cm/cmmi7.pfb><G:/Install_Program/MikTex/fonts/type1/public/amsfonts/cm/cmr10.pfb><G:/Install_Program/MikTex/fonts/type1/public/amsfonts/cm/cmr5.pfb><G:/Install_Program/MikTex/fonts/type1/public/amsfonts/cm/cmr7.pfb><G:/Install_Program/MikTex/fonts/type1/public/amsfonts/cm/cmsy10.pfb><G:/Install_Program/MikTex/fonts/type1/public/amsfonts/cm/cmsy5.pfb><G:/Install_Program/MikTex/fonts/type1/public/amsfonts/cm/cmsy7.pfb><G:/Install_Program/MikTex/fonts/type1/public/amsfonts/symbols/msbm10.pfb><G:/Install_Program/MikTex/fonts/type1/public/amsfonts/symbols/msbm7.pfb><G:/Install_Program/MikTex/fonts/type1/public/tex-gyre/qtmb.pfb><G:/Install_Program/MikTex/fonts/type1/public/tex-gyre/qtmr.pfb><G:/Install_Program/MikTex/fonts/type1/public/tex-gyre/qtmri.pfb>
Output written on thesis_rev_0.pdf (18 pages, 1955636 bytes).
PDF statistics:
 164 PDF objects out of 1000 (max. 8388607)
 0 named destinations out of 1000 (max. 500000)
 56 words of extra memory for PDF output out of 10000 (max. 10000000)

