This is MetaPost, version 2.01 (MiKTeX 21.8)  6 OCT 2024 12:53
**.\Thes2.mp
(G:/Install_Program/MikTex/metapost/base/mpost.mp (G:/Install_Program/MikTex/metapost/base/plain.mp
Preloading the plain mem file, version 1.005) ) (././Thes2.mp
(G:/Install_Program/MikTex/metapost/feynmf/feynmp.mp)
! angle(0,0) is taken as zero.
<recently read> ;
                 
marrow->...ection(EXPR3)*length((EXPR2))of(EXPR2);
                                                  z=point(EXPR3)*length((EXP...
arrow->begingroup.marrow((EXPR2),0.5)
                                     endgroup
<to be read again> 
                   )
draw_plain_arrow->...aw(EXPR2);cfill(arrow(EXPR2))
                                                  ;endgroup
<to be read again> 
                   endgroup
<to be read again> 
                   ;
vdraw_arc->...cantokens("draw_"&(EXPR2))((EXPR4));
                                                  vdraw_arc_label((EXPR4),(S...
<for(1)> ...1),(EXPR0)),vlist[(1)]arc[(EXPR0)]lbl)
                                                  ;vlist[(1)]arc[(EXPR0)]sty...
<for(1)> ...arc[j]sty:="";endgroup;fi.fi.fi.endfor
                                                  ; ENDFOR
vdraw->...]sty:="";endgroup;fi.fi.fi.endfor;endfor
                                                  .for.i=polygons:vdraw_labe...
l.19 vdraw
          ;
? 
! angle(0,0) is taken as zero.
vdraw_arc_label->...)dotprod._r)>=0:_a:=angle(_r);
                                                  else:_a:=angle(-_r);fi.fi....
vdraw_arc->...);vdraw_arc_label((EXPR4),(SUFFIX5))
                                                  ;endgroup
<for(1)> ...1),(EXPR0)),vlist[(1)]arc[(EXPR0)]lbl)
                                                  ;vlist[(1)]arc[(EXPR0)]sty...
<for(1)> ...arc[j]sty:="";endgroup;fi.fi.fi.endfor
                                                  ; ENDFOR
vdraw->...]sty:="";endgroup;fi.fi.fi.endfor;endfor
                                                  .for.i=polygons:vdraw_labe...
l.19 vdraw
          ;
? 
! angle(0,0) is taken as zero.
<recently read> ;
                 
marrow->...ection(EXPR3)*length((EXPR2))of(EXPR2);
                                                  z=point(EXPR3)*length((EXP...
arrow->begingroup.marrow((EXPR2),0.5)
                                     endgroup
<to be read again> 
                   )
draw_plain_arrow->...aw(EXPR2);cfill(arrow(EXPR2))
                                                  ;endgroup
<to be read again> 
                   endgroup
<to be read again> 
                   ;
vdraw_arc->...cantokens("draw_"&(EXPR2))((EXPR4));
                                                  vdraw_arc_label((EXPR4),(S...
<for(2)> ...3),(EXPR0)),vlist[(3)]arc[(EXPR0)]lbl)
                                                  ;vlist[(3)]arc[(EXPR0)]sty...
<for(3)> ...arc[j]sty:="";endgroup;fi.fi.fi.endfor
                                                  ; ENDFOR
vdraw->...]sty:="";endgroup;fi.fi.fi.endfor;endfor
                                                  .for.i=polygons:vdraw_labe...
l.19 vdraw
          ;
? 
! angle(0,0) is taken as zero.
<recently read> ;
                 
marrow->...ection(EXPR3)*length((EXPR2))of(EXPR2);
                                                  z=point(EXPR3)*length((EXP...
arrow->begingroup.marrow((EXPR2),0.5)
                                     endgroup
<to be read again> 
                   )
draw_plain_arrow->...aw(EXPR2);cfill(arrow(EXPR2))
                                                  ;endgroup
<to be read again> 
                   endgroup
<to be read again> 
                   ;
vdraw_arc->...cantokens("draw_"&(EXPR2))((EXPR4));
                                                  vdraw_arc_label((EXPR4),(S...
<for(2)> ...4),(EXPR0)),vlist[(4)]arc[(EXPR0)]lbl)
                                                  ;vlist[(4)]arc[(EXPR0)]sty...
<for(4)> ...arc[j]sty:="";endgroup;fi.fi.fi.endfor
                                                  ; ENDFOR
vdraw->...]sty:="";endgroup;fi.fi.fi.endfor;endfor
                                                  .for.i=polygons:vdraw_labe...
l.19 vdraw
          ;
? 
[1] )
 
Here is how much of MetaPost's memory you used:
 358 strings using 5336 characters
 1523800 bytes of node memory
 926 symbolic tokens
 14i,78n,28p,108b,3f stack positions out of 16i,98n,32p,200b,4f
1 output file written: Thes2.1

